2025-08-10 08:58:55,551 INFO Set uid to user 0 succeeded
2025-08-10 08:58:55,560 INFO supervisord started with pid 1
2025-08-10 08:58:56,563 INFO spawned: 'swoole' with pid 10
2025-08-10 08:58:56,567 INFO spawned: 'vite' with pid 11
2025-08-10 08:58:56,575 WARN exited: vite (exit status 127; not expected)
2025-08-10 08:58:57,727 INFO success: swoole entered RUNNING state, process has stayed up for > than 1 seconds (startsecs)
2025-08-10 08:58:57,729 INFO spawned: 'vite' with pid 12
2025-08-10 08:58:57,736 WARN exited: vite (exit status 127; not expected)
2025-08-10 08:58:59,858 INFO spawned: 'vite' with pid 23
2025-08-10 08:58:59,871 WARN exited: vite (exit status 127; not expected)
2025-08-10 08:59:02,972 INFO spawned: 'vite' with pid 30
2025-08-10 08:59:02,980 WARN exited: vite (exit status 127; not expected)
2025-08-10 08:59:02,981 INFO gave up: vite entered FATAL state, too many start retries too quickly
2025-08-10 08:59:28,795 WARN received SIGQUIT indicating exit request
2025-08-10 08:59:28,796 INFO waiting for swoole to die
2025-08-10 08:59:29,841 INFO stopped: swoole (exit status 0)
2025-08-10 09:00:53,016 INFO Set uid to user 0 succeeded
2025-08-10 09:00:53,022 INFO supervisord started with pid 1
2025-08-10 09:00:54,030 INFO spawned: 'swoole' with pid 11
2025-08-10 09:00:54,043 INFO spawned: 'vite' with pid 12
2025-08-10 09:00:54,828 WARN exited: vite (exit status 127; not expected)
2025-08-10 09:00:55,029 INFO success: swoole entered RUNNING state, process has stayed up for > than 1 seconds (startsecs)
2025-08-10 09:00:56,765 INFO spawned: 'vite' with pid 34
2025-08-10 09:00:57,058 WARN exited: vite (exit status 127; not expected)
2025-08-10 09:00:59,468 INFO spawned: 'vite' with pid 52
2025-08-10 09:00:59,725 WARN exited: vite (exit status 127; not expected)
2025-08-10 09:01:02,731 INFO spawned: 'vite' with pid 64
2025-08-10 09:01:03,007 WARN exited: vite (exit status 127; not expected)
2025-08-10 09:01:04,009 INFO gave up: vite entered FATAL state, too many start retries too quickly
2025-08-10 09:01:25,349 WARN received SIGQUIT indicating exit request
2025-08-10 09:01:25,356 INFO waiting for swoole to die
2025-08-10 09:01:26,554 INFO stopped: swoole (exit status 0)
2025-08-10 09:02:54,866 INFO Set uid to user 0 succeeded
2025-08-10 09:02:54,877 INFO supervisord started with pid 1
2025-08-10 09:02:55,881 INFO spawned: 'swoole' with pid 10
2025-08-10 09:02:55,885 INFO spawned: 'vite' with pid 11
2025-08-10 09:02:57,018 INFO success: swoole entered RUNNING state, process has stayed up for > than 1 seconds (startsecs)
2025-08-10 09:02:57,019 INFO success: vite entered RUNNING state, process has stayed up for > than 1 seconds (startsecs)
2025-08-10 09:04:30,896 WARN received SIGQUIT indicating exit request
2025-08-10 09:04:30,932 INFO waiting for swoole, vite to die
2025-08-10 09:04:32,345 INFO stopped: vite (exit status 0)
2025-08-10 09:04:32,351 INFO reaped unknown pid 33 (exit status 0)
2025-08-10 09:04:33,733 INFO stopped: swoole (exit status 0)
2025-08-10 09:10:23,717 INFO Set uid to user 0 succeeded
2025-08-10 09:10:23,734 INFO supervisord started with pid 1
2025-08-10 09:10:24,747 INFO spawned: 'swoole' with pid 13
2025-08-10 09:10:24,772 INFO spawned: 'vite' with pid 14
2025-08-10 09:10:25,806 INFO success: swoole entered RUNNING state, process has stayed up for > than 1 seconds (startsecs)
2025-08-10 09:10:25,806 INFO success: vite entered RUNNING state, process has stayed up for > than 1 seconds (startsecs)
2025-08-10 09:14:39,202 WARN received SIGQUIT indicating exit request
2025-08-10 09:14:39,249 INFO waiting for swoole, vite to die
2025-08-10 09:14:40,608 INFO stopped: vite (exit status 0)
2025-08-10 09:14:40,611 INFO reaped unknown pid 52 (exit status 0)
2025-08-10 09:14:41,270 INFO stopped: swoole (exit status 0)
2025-08-10 09:16:04,032 INFO Set uid to user 0 succeeded
2025-08-10 09:16:04,042 INFO supervisord started with pid 1
2025-08-10 09:16:05,047 INFO spawned: 'swoole' with pid 23
2025-08-10 09:16:05,053 INFO spawned: 'vite' with pid 24
2025-08-10 09:16:07,147 INFO success: swoole entered RUNNING state, process has stayed up for > than 1 seconds (startsecs)
2025-08-10 09:16:07,148 INFO success: vite entered RUNNING state, process has stayed up for > than 1 seconds (startsecs)
2025-08-10 09:18:41,875 WARN received SIGQUIT indicating exit request
2025-08-10 09:18:41,945 INFO waiting for swoole, vite to die
2025-08-10 09:18:43,556 INFO stopped: vite (exit status 0)
2025-08-10 09:18:43,558 INFO reaped unknown pid 56 (exit status 0)
2025-08-10 09:18:44,201 INFO stopped: swoole (exit status 0)
2025-08-10 09:25:58,826 INFO Set uid to user 0 succeeded
2025-08-10 09:25:58,834 INFO supervisord started with pid 1
2025-08-10 09:26:02,652 INFO spawned: 'swoole' with pid 28
2025-08-10 09:26:02,655 INFO spawned: 'vite' with pid 29
2025-08-10 09:26:02,989 WARN exited: swoole (exit status 1; not expected)
2025-08-10 09:26:04,662 INFO spawned: 'swoole' with pid 60
2025-08-10 09:26:04,672 INFO success: vite entered RUNNING state, process has stayed up for > than 1 seconds (startsecs)
2025-08-10 09:26:06,215 INFO success: swoole entered RUNNING state, process has stayed up for > than 1 seconds (startsecs)
2025-08-10 09:31:43,853 WARN received SIGQUIT indicating exit request
2025-08-10 09:31:43,884 INFO waiting for swoole, vite to die
2025-08-10 09:31:46,302 INFO stopped: vite (exit status 0)
2025-08-10 09:31:46,306 INFO reaped unknown pid 53 (exit status 0)
2025-08-10 09:31:46,901 INFO stopped: swoole (exit status 0)
2025-08-10 11:04:55,933 INFO Set uid to user 0 succeeded
2025-08-10 11:04:55,951 INFO supervisord started with pid 1
2025-08-10 11:04:56,957 INFO spawned: 'swoole' with pid 7
2025-08-10 11:04:56,963 INFO spawned: 'vite' with pid 8
2025-08-10 11:04:56,969 WARN exited: vite (exit status 1; not expected)
2025-08-10 11:04:57,011 WARN exited: swoole (exit status 1; not expected)
2025-08-10 11:04:58,014 INFO spawned: 'swoole' with pid 9
2025-08-10 11:04:58,026 INFO spawned: 'vite' with pid 10
2025-08-10 11:04:58,042 WARN exited: vite (exit status 1; not expected)
2025-08-10 11:04:58,209 WARN exited: swoole (exit status 1; not expected)
2025-08-10 11:05:02,176 INFO spawned: 'swoole' with pid 11
2025-08-10 11:05:02,189 INFO spawned: 'vite' with pid 12
2025-08-10 11:05:02,196 WARN exited: vite (exit status 1; not expected)
2025-08-10 11:05:02,254 WARN exited: swoole (exit status 1; not expected)
2025-08-10 11:05:05,260 INFO spawned: 'swoole' with pid 19
2025-08-10 11:05:05,266 INFO spawned: 'vite' with pid 20
2025-08-10 11:05:05,278 WARN exited: vite (exit status 1; not expected)
2025-08-10 11:05:05,279 INFO gave up: vite entered FATAL state, too many start retries too quickly
2025-08-10 11:05:05,288 WARN exited: swoole (exit status 1; not expected)
2025-08-10 11:05:06,290 INFO gave up: swoole entered FATAL state, too many start retries too quickly
2025-08-10 11:05:13,296 WARN received SIGTERM indicating exit request
2025-08-10 11:08:37,347 INFO Set uid to user 0 succeeded
2025-08-10 11:08:37,357 INFO supervisord started with pid 1
2025-08-10 11:08:38,359 INFO spawned: 'swoole' with pid 7
2025-08-10 11:08:38,361 INFO spawned: 'vite' with pid 8
2025-08-10 11:08:38,389 WARN exited: vite (exit status 127; not expected)
2025-08-10 11:08:39,391 INFO success: swoole entered RUNNING state, process has stayed up for > than 1 seconds (startsecs)
2025-08-10 11:08:39,395 INFO spawned: 'vite' with pid 9
2025-08-10 11:08:39,404 WARN exited: vite (exit status 127; not expected)
2025-08-10 11:08:42,091 INFO spawned: 'vite' with pid 26
2025-08-10 11:08:42,096 WARN exited: vite (exit status 127; not expected)
2025-08-10 11:08:45,100 INFO spawned: 'vite' with pid 27
2025-08-10 11:08:45,107 WARN exited: vite (exit status 127; not expected)
2025-08-10 11:08:45,107 INFO gave up: vite entered FATAL state, too many start retries too quickly
2025-08-10 11:08:59,068 WARN received SIGTERM indicating exit request
2025-08-10 11:08:59,069 INFO waiting for swoole to die
2025-08-10 11:09:00,090 INFO stopped: swoole (exit status 0)
2025-08-10 11:12:23,981 INFO Set uid to user 0 succeeded
2025-08-10 11:12:23,990 INFO supervisord started with pid 1
2025-08-10 11:12:24,992 INFO spawned: 'swoole' with pid 7
2025-08-10 11:12:24,999 INFO spawned: 'vite' with pid 8
2025-08-10 11:12:25,015 WARN exited: vite (exit status 127; not expected)
2025-08-10 11:12:26,017 INFO success: swoole entered RUNNING state, process has stayed up for > than 1 seconds (startsecs)
2025-08-10 11:12:26,022 INFO spawned: 'vite' with pid 9
2025-08-10 11:12:26,026 WARN exited: vite (exit status 127; not expected)
2025-08-10 11:12:28,795 INFO spawned: 'vite' with pid 26
2025-08-10 11:12:28,799 WARN exited: vite (exit status 127; not expected)
2025-08-10 11:12:31,802 INFO spawned: 'vite' with pid 27
2025-08-10 11:12:31,808 WARN exited: vite (exit status 127; not expected)
2025-08-10 11:12:31,809 INFO gave up: vite entered FATAL state, too many start retries too quickly
2025-08-10 11:12:44,835 WARN received SIGTERM indicating exit request
2025-08-10 11:12:44,836 INFO waiting for swoole to die
2025-08-10 11:12:45,852 INFO stopped: swoole (exit status 0)
2025-08-10 11:17:08,251 INFO Set uid to user 0 succeeded
2025-08-10 11:17:08,260 INFO supervisord started with pid 1
2025-08-10 11:17:09,262 INFO spawned: 'swoole' with pid 7
2025-08-10 11:17:09,265 INFO spawned: 'vite' with pid 8
2025-08-10 11:17:09,273 WARN exited: vite (exit status 127; not expected)
2025-08-10 11:17:10,274 INFO success: swoole entered RUNNING state, process has stayed up for > than 1 seconds (startsecs)
2025-08-10 11:17:10,277 INFO spawned: 'vite' with pid 9
2025-08-10 11:17:10,282 WARN exited: vite (exit status 127; not expected)
2025-08-10 11:17:12,946 INFO spawned: 'vite' with pid 26
2025-08-10 11:17:12,951 WARN exited: vite (exit status 127; not expected)
2025-08-10 11:17:15,955 INFO spawned: 'vite' with pid 27
2025-08-10 11:17:15,961 WARN exited: vite (exit status 127; not expected)
2025-08-10 11:17:15,962 INFO gave up: vite entered FATAL state, too many start retries too quickly
2025-08-10 11:17:18,965 WARN received SIGTERM indicating exit request
2025-08-10 11:17:18,965 INFO waiting for swoole to die
2025-08-10 11:17:19,981 INFO stopped: swoole (exit status 0)
2025-08-10 11:19:32,826 INFO Set uid to user 0 succeeded
2025-08-10 11:19:32,833 INFO supervisord started with pid 1
2025-08-10 11:19:33,836 INFO spawned: 'swoole' with pid 7
2025-08-10 11:19:33,839 INFO spawned: 'vite' with pid 8
2025-08-10 11:19:33,844 WARN exited: vite (exit status 127; not expected)
2025-08-10 11:19:34,845 INFO success: swoole entered RUNNING state, process has stayed up for > than 1 seconds (startsecs)
2025-08-10 11:19:34,847 INFO spawned: 'vite' with pid 9
2025-08-10 11:19:34,852 WARN exited: vite (exit status 127; not expected)
2025-08-10 11:19:37,310 INFO spawned: 'vite' with pid 26
2025-08-10 11:19:37,316 WARN exited: vite (exit status 127; not expected)
2025-08-10 11:19:40,319 INFO spawned: 'vite' with pid 27
2025-08-10 11:19:40,325 WARN exited: vite (exit status 127; not expected)
2025-08-10 11:19:40,325 INFO gave up: vite entered FATAL state, too many start retries too quickly
2025-08-10 11:22:25,597 WARN received SIGTERM indicating exit request
2025-08-10 11:22:25,598 INFO waiting for swoole to die
2025-08-10 11:22:27,623 INFO stopped: swoole (exit status 0)
2025-08-10 11:25:50,506 INFO Set uid to user 0 succeeded
2025-08-10 11:25:50,515 INFO supervisord started with pid 1
2025-08-10 11:25:51,518 INFO spawned: 'swoole' with pid 7
2025-08-10 11:25:51,523 INFO spawned: 'vite' with pid 8
2025-08-10 11:25:51,531 WARN exited: vite (exit status 127; not expected)
2025-08-10 11:25:55,536 INFO success: swoole entered RUNNING state, process has stayed up for > than 1 seconds (startsecs)
2025-08-10 11:25:55,556 INFO spawned: 'vite' with pid 9
2025-08-10 11:25:55,573 WARN exited: vite (exit status 127; not expected)
2025-08-10 11:25:57,580 INFO spawned: 'vite' with pid 15
2025-08-10 11:25:57,588 WARN exited: vite (exit status 127; not expected)
2025-08-10 11:26:00,593 INFO spawned: 'vite' with pid 27
2025-08-10 11:26:00,600 WARN exited: vite (exit status 127; not expected)
2025-08-10 11:26:00,600 INFO gave up: vite entered FATAL state, too many start retries too quickly
2025-08-10 11:27:14,474 WARN received SIGTERM indicating exit request
2025-08-10 11:27:14,476 INFO waiting for swoole to die
2025-08-10 11:27:17,478 INFO waiting for swoole to die
2025-08-10 11:27:18,508 INFO stopped: swoole (exit status 0)
2025-08-10 11:28:24,751 INFO Set uid to user 0 succeeded
2025-08-10 11:28:24,761 INFO supervisord started with pid 1
2025-08-10 11:28:25,765 INFO spawned: 'swoole' with pid 7
2025-08-10 11:28:25,772 INFO spawned: 'vite' with pid 8
2025-08-10 11:28:25,783 WARN exited: vite (exit status 127; not expected)
2025-08-10 11:28:26,785 INFO success: swoole entered RUNNING state, process has stayed up for > than 1 seconds (startsecs)
2025-08-10 11:28:26,787 INFO spawned: 'vite' with pid 9
2025-08-10 11:28:26,797 WARN exited: vite (exit status 127; not expected)
2025-08-10 11:28:28,805 INFO spawned: 'vite' with pid 12
2025-08-10 11:28:28,814 WARN exited: vite (exit status 127; not expected)
2025-08-10 11:28:31,819 INFO spawned: 'vite' with pid 27
2025-08-10 11:28:31,826 WARN exited: vite (exit status 127; not expected)
2025-08-10 11:28:31,827 INFO gave up: vite entered FATAL state, too many start retries too quickly
2025-08-10 11:40:52,604 WARN received SIGTERM indicating exit request
2025-08-10 11:40:52,607 INFO waiting for swoole to die
2025-08-10 11:40:54,635 INFO stopped: swoole (exit status 0)
2025-08-10 11:42:06,333 INFO Set uid to user 0 succeeded
2025-08-10 11:42:06,348 INFO supervisord started with pid 1
2025-08-10 11:42:07,352 INFO spawned: 'swoole' with pid 7
2025-08-10 11:42:07,359 INFO spawned: 'vite' with pid 8
2025-08-10 11:42:07,369 WARN exited: vite (exit status 127; not expected)
2025-08-10 11:42:08,371 INFO success: swoole entered RUNNING state, process has stayed up for > than 1 seconds (startsecs)
2025-08-10 11:42:08,374 INFO spawned: 'vite' with pid 9
2025-08-10 11:42:08,389 WARN exited: vite (exit status 127; not expected)
2025-08-10 11:42:10,394 INFO spawned: 'vite' with pid 12
2025-08-10 11:42:10,404 WARN exited: vite (exit status 127; not expected)
2025-08-10 11:42:13,414 INFO spawned: 'vite' with pid 27
2025-08-10 11:42:13,422 WARN exited: vite (exit status 127; not expected)
2025-08-10 11:42:13,423 INFO gave up: vite entered FATAL state, too many start retries too quickly
2025-08-10 11:43:48,935 WARN received SIGTERM indicating exit request
2025-08-10 11:43:48,936 INFO waiting for swoole to die
2025-08-10 11:43:49,957 INFO stopped: swoole (exit status 0)
2025-08-10 11:45:12,673 INFO Set uid to user 0 succeeded
2025-08-10 11:45:12,681 INFO supervisord started with pid 1
2025-08-10 11:45:13,684 INFO spawned: 'swoole' with pid 7
2025-08-10 11:45:13,688 INFO spawned: 'vite' with pid 8
2025-08-10 11:45:13,705 WARN exited: vite (exit status 127; not expected)
2025-08-10 11:45:14,708 INFO success: swoole entered RUNNING state, process has stayed up for > than 1 seconds (startsecs)
2025-08-10 11:45:14,712 INFO spawned: 'vite' with pid 9
2025-08-10 11:45:14,721 WARN exited: vite (exit status 127; not expected)
2025-08-10 11:45:17,021 INFO spawned: 'vite' with pid 12
2025-08-10 11:45:17,028 WARN exited: vite (exit status 127; not expected)
2025-08-10 11:45:20,042 INFO spawned: 'vite' with pid 27
2025-08-10 11:45:20,046 WARN exited: vite (exit status 127; not expected)
2025-08-10 11:45:20,046 INFO gave up: vite entered FATAL state, too many start retries too quickly
2025-08-10 11:48:35,629 WARN received SIGTERM indicating exit request
2025-08-10 11:48:35,636 INFO waiting for swoole to die
2025-08-10 11:48:37,694 INFO stopped: swoole (exit status 0)
2025-08-10 11:50:22,498 INFO Set uid to user 0 succeeded
2025-08-10 11:50:22,508 INFO supervisord started with pid 1
2025-08-10 11:50:23,514 INFO spawned: 'swoole' with pid 7
2025-08-10 11:50:23,526 INFO spawned: 'vite' with pid 8
2025-08-10 11:50:23,548 WARN exited: vite (exit status 127; not expected)
2025-08-10 11:50:24,550 INFO success: swoole entered RUNNING state, process has stayed up for > than 1 seconds (startsecs)
2025-08-10 11:50:24,554 INFO spawned: 'vite' with pid 9
2025-08-10 11:50:24,563 WARN exited: vite (exit status 127; not expected)
2025-08-10 11:50:26,569 INFO spawned: 'vite' with pid 10
2025-08-10 11:50:26,579 WARN exited: vite (exit status 127; not expected)
2025-08-10 11:50:30,402 INFO spawned: 'vite' with pid 28
2025-08-10 11:50:30,409 WARN exited: vite (exit status 127; not expected)
2025-08-10 11:50:30,410 INFO gave up: vite entered FATAL state, too many start retries too quickly
2025-08-10 12:29:45,696 WARN received SIGTERM indicating exit request
2025-08-10 12:29:45,724 INFO waiting for swoole to die
2025-08-10 12:29:46,860 INFO stopped: swoole (exit status 0)
2025-08-10 12:38:59,196 INFO Set uid to user 0 succeeded
2025-08-10 12:38:59,225 INFO supervisord started with pid 1
2025-08-10 12:39:00,229 INFO spawned: 'swoole' with pid 7
2025-08-10 12:39:00,241 INFO spawned: 'vite' with pid 8
2025-08-10 12:39:00,257 WARN exited: vite (exit status 127; not expected)
2025-08-10 12:39:01,259 INFO success: swoole entered RUNNING state, process has stayed up for > than 1 seconds (startsecs)
2025-08-10 12:39:01,263 INFO spawned: 'vite' with pid 9
2025-08-10 12:39:01,274 WARN exited: vite (exit status 127; not expected)
2025-08-10 12:39:03,280 INFO spawned: 'vite' with pid 17
2025-08-10 12:39:03,289 WARN exited: vite (exit status 127; not expected)
2025-08-10 12:39:07,982 INFO spawned: 'vite' with pid 18
2025-08-10 12:39:07,993 WARN exited: vite (exit status 127; not expected)
2025-08-10 12:39:07,995 INFO gave up: vite entered FATAL state, too many start retries too quickly
2025-08-10 12:39:45,106 WARN received SIGTERM indicating exit request
2025-08-10 12:39:45,130 INFO waiting for swoole to die
2025-08-10 12:39:46,382 INFO stopped: swoole (exit status 0)
2025-08-10 12:42:06,173 INFO Set uid to user 0 succeeded
2025-08-10 12:42:06,213 INFO supervisord started with pid 1
2025-08-10 12:42:07,218 INFO spawned: 'swoole' with pid 7
2025-08-10 12:42:07,227 INFO spawned: 'vite' with pid 8
2025-08-10 12:42:07,245 WARN exited: vite (exit status 127; not expected)
2025-08-10 12:42:08,247 INFO success: swoole entered RUNNING state, process has stayed up for > than 1 seconds (startsecs)
2025-08-10 12:42:08,249 INFO spawned: 'vite' with pid 9
2025-08-10 12:42:08,263 WARN exited: vite (exit status 127; not expected)
2025-08-10 12:42:10,269 INFO spawned: 'vite' with pid 16
2025-08-10 12:42:10,281 WARN exited: vite (exit status 127; not expected)
2025-08-10 12:42:13,529 INFO spawned: 'vite' with pid 19
2025-08-10 12:42:13,541 WARN exited: vite (exit status 127; not expected)
2025-08-10 12:42:13,542 INFO gave up: vite entered FATAL state, too many start retries too quickly
2025-08-10 12:46:45,968 WARN received SIGTERM indicating exit request
2025-08-10 12:46:45,974 INFO waiting for swoole to die
2025-08-10 12:46:47,063 INFO stopped: swoole (exit status 0)
2025-08-10 12:57:12,249 INFO Set uid to user 0 succeeded
2025-08-10 12:57:12,266 INFO supervisord started with pid 1
2025-08-10 12:57:13,270 INFO spawned: 'swoole' with pid 7
2025-08-10 12:57:13,279 INFO spawned: 'vite' with pid 8
2025-08-10 12:57:13,294 WARN exited: vite (exit status 127; not expected)
2025-08-10 12:57:14,296 INFO success: swoole entered RUNNING state, process has stayed up for > than 1 seconds (startsecs)
2025-08-10 12:57:14,299 INFO spawned: 'vite' with pid 9
2025-08-10 12:57:14,315 WARN exited: vite (exit status 127; not expected)
2025-08-10 12:57:16,324 INFO spawned: 'vite' with pid 16
2025-08-10 12:57:16,333 WARN exited: vite (exit status 127; not expected)
2025-08-10 12:57:19,383 INFO spawned: 'vite' with pid 19
2025-08-10 12:57:19,395 WARN exited: vite (exit status 127; not expected)
2025-08-10 12:57:19,396 INFO gave up: vite entered FATAL state, too many start retries too quickly
2025-08-10 13:01:04,683 WARN received SIGTERM indicating exit request
2025-08-10 13:01:04,709 INFO waiting for swoole to die
2025-08-10 13:01:07,137 INFO stopped: swoole (exit status 0)
2025-08-10 13:07:03,055 INFO Set uid to user 0 succeeded
2025-08-10 13:07:03,064 INFO supervisord started with pid 1
2025-08-10 13:07:04,068 INFO spawned: 'swoole' with pid 7
2025-08-10 13:07:05,069 INFO success: swoole entered RUNNING state, process has stayed up for > than 1 seconds (startsecs)
2025-08-10 13:15:50,940 WARN received SIGTERM indicating exit request
2025-08-10 13:15:50,954 INFO waiting for swoole to die
2025-08-10 13:15:51,139 INFO stopped: swoole (exit status 0)
2025-08-10 13:18:02,844 INFO Set uid to user 0 succeeded
2025-08-10 13:18:02,857 INFO supervisord started with pid 1
2025-08-10 13:18:03,862 INFO spawned: 'swoole' with pid 7
2025-08-10 13:18:04,870 INFO success: swoole entered RUNNING state, process has stayed up for > than 1 seconds (startsecs)
2025-08-10 13:23:51,724 WARN received SIGTERM indicating exit request
2025-08-10 13:23:51,743 INFO waiting for swoole to die
2025-08-10 13:23:51,964 INFO stopped: swoole (exit status 0)
2025-08-10 13:25:27,048 INFO Set uid to user 0 succeeded
2025-08-10 13:25:27,063 INFO supervisord started with pid 1
2025-08-10 13:25:28,075 INFO spawned: 'swoole' with pid 7
2025-08-10 13:25:29,085 INFO success: swoole entered RUNNING state, process has stayed up for > than 1 seconds (startsecs)
2025-08-10 13:35:32,319 WARN received SIGTERM indicating exit request
2025-08-10 13:35:32,562 INFO waiting for swoole to die
2025-08-10 13:35:34,541 INFO stopped: swoole (exit status 0)
2025-08-10 17:04:40,744 INFO Set uid to user 0 succeeded
2025-08-10 17:04:40,809 INFO supervisord started with pid 1
2025-08-10 17:04:41,841 INFO spawned: 'swoole' with pid 7
2025-08-10 17:04:42,862 INFO success: swoole entered RUNNING state, process has stayed up for > than 1 seconds (startsecs)
2025-08-10 17:04:48,584 WARN exited: swoole (exit status 1; not expected)
2025-08-10 17:04:49,590 INFO spawned: 'swoole' with pid 22
2025-08-10 17:04:50,591 INFO success: swoole entered RUNNING state, process has stayed up for > than 1 seconds (startsecs)
2025-08-10 17:04:52,668 WARN exited: swoole (exit status 1; not expected)
2025-08-10 17:04:53,672 INFO spawned: 'swoole' with pid 31
2025-08-10 17:04:54,674 INFO success: swoole entered RUNNING state, process has stayed up for > than 1 seconds (startsecs)
2025-08-10 17:04:57,146 WARN exited: swoole (exit status 1; not expected)
2025-08-10 17:04:58,150 INFO spawned: 'swoole' with pid 34
2025-08-10 17:04:59,152 INFO success: swoole entered RUNNING state, process has stayed up for > than 1 seconds (startsecs)
2025-08-10 17:05:02,027 WARN exited: swoole (exit status 1; not expected)
2025-08-10 17:05:03,030 INFO spawned: 'swoole' with pid 43
2025-08-10 17:05:04,032 INFO success: swoole entered RUNNING state, process has stayed up for > than 1 seconds (startsecs)
2025-08-10 17:05:06,143 WARN received SIGTERM indicating exit request
2025-08-10 17:05:06,144 INFO waiting for swoole to die
2025-08-10 17:05:06,148 WARN stopped: swoole (terminated by SIGTERM)
2025-08-10 17:07:37,984 INFO Set uid to user 0 succeeded
2025-08-10 17:07:38,016 INFO supervisord started with pid 1
2025-08-10 17:07:39,024 INFO spawned: 'swoole' with pid 7
2025-08-10 17:07:40,035 INFO success: swoole entered RUNNING state, process has stayed up for > than 1 seconds (startsecs)
2025-08-10 17:07:43,475 WARN exited: swoole (exit status 1; not expected)
2025-08-10 17:07:44,479 INFO spawned: 'swoole' with pid 16
2025-08-10 17:07:45,481 INFO success: swoole entered RUNNING state, process has stayed up for > than 1 seconds (startsecs)
2025-08-10 17:07:48,732 WARN exited: swoole (exit status 1; not expected)
2025-08-10 17:07:49,953 INFO spawned: 'swoole' with pid 25
2025-08-10 17:07:52,919 INFO success: swoole entered RUNNING state, process has stayed up for > than 1 seconds (startsecs)
2025-08-10 17:07:55,468 WARN exited: swoole (exit status 1; not expected)
2025-08-10 17:07:56,475 INFO spawned: 'swoole' with pid 35
2025-08-10 17:10:26,727 INFO Set uid to user 0 succeeded
2025-08-10 17:10:26,737 INFO supervisord started with pid 1
2025-08-10 17:10:27,744 INFO spawned: 'swoole' with pid 7
2025-08-10 17:10:28,750 INFO success: swoole entered RUNNING state, process has stayed up for > than 1 seconds (startsecs)
2025-08-10 17:10:31,761 WARN exited: swoole (exit status 1; not expected)
2025-08-10 17:10:35,222 INFO spawned: 'swoole' with pid 16
2025-08-10 17:10:36,226 INFO success: swoole entered RUNNING state, process has stayed up for > than 1 seconds (startsecs)
2025-08-10 17:10:39,123 WARN exited: swoole (exit status 1; not expected)
2025-08-10 17:10:40,127 INFO spawned: 'swoole' with pid 26
2025-08-10 17:10:41,129 INFO success: swoole entered RUNNING state, process has stayed up for > than 1 seconds (startsecs)
2025-08-10 17:16:30,845 INFO Set uid to user 0 succeeded
2025-08-10 17:16:30,877 INFO supervisord started with pid 1
2025-08-10 17:16:31,896 INFO spawned: 'swoole' with pid 7
2025-08-10 17:16:32,938 INFO success: swoole entered RUNNING state, process has stayed up for > than 1 seconds (startsecs)
2025-08-10 17:16:45,514 WARN exited: swoole (exit status 1; not expected)
2025-08-10 17:16:46,528 INFO spawned: 'swoole' with pid 22
2025-08-10 17:16:47,532 INFO success: swoole entered RUNNING state, process has stayed up for > than 1 seconds (startsecs)
2025-08-10 17:16:53,776 WARN exited: swoole (exit status 1; not expected)
2025-08-10 17:16:53,782 INFO spawned: 'swoole' with pid 38
2025-08-10 17:16:54,785 INFO success: swoole entered RUNNING state, process has stayed up for > than 1 seconds (startsecs)
2025-08-10 17:16:58,272 WARN exited: swoole (exit status 1; not expected)
2025-08-10 17:16:59,276 INFO spawned: 'swoole' with pid 47
2025-08-10 17:17:00,278 INFO success: swoole entered RUNNING state, process has stayed up for > than 1 seconds (startsecs)
2025-08-10 17:17:02,463 WARN exited: swoole (exit status 1; not expected)
2025-08-10 17:17:03,466 INFO spawned: 'swoole' with pid 56
2025-08-10 17:17:04,468 INFO success: swoole entered RUNNING state, process has stayed up for > than 1 seconds (startsecs)
2025-08-10 17:17:05,753 WARN exited: swoole (exit status 1; not expected)
2025-08-10 17:17:06,755 INFO spawned: 'swoole' with pid 59
2025-08-10 17:17:10,627 INFO success: swoole entered RUNNING state, process has stayed up for > than 1 seconds (startsecs)
2025-08-10 17:17:11,913 WARN exited: swoole (exit status 1; not expected)
2025-08-10 17:17:12,917 INFO spawned: 'swoole' with pid 62
2025-08-10 17:17:12,919 WARN received SIGTERM indicating exit request
2025-08-10 17:17:12,920 INFO waiting for swoole to die
2025-08-10 17:17:12,920 WARN stopped: swoole (terminated by SIGTERM)
2025-08-10 17:18:39,367 INFO Set uid to user 0 succeeded
2025-08-10 17:18:39,400 INFO supervisord started with pid 1
2025-08-10 17:18:40,417 INFO spawned: 'swoole' with pid 7
2025-08-10 17:18:41,437 INFO success: swoole entered RUNNING state, process has stayed up for > than 1 seconds (startsecs)
2025-08-10 17:18:49,540 WARN exited: swoole (exit status 1; not expected)
2025-08-10 17:18:50,545 INFO spawned: 'swoole' with pid 16
2025-08-10 17:18:51,548 INFO success: swoole entered RUNNING state, process has stayed up for > than 1 seconds (startsecs)
2025-08-10 17:18:54,693 WARN exited: swoole (exit status 1; not expected)
2025-08-10 17:18:55,703 INFO spawned: 'swoole' with pid 25
2025-08-10 17:18:56,708 INFO success: swoole entered RUNNING state, process has stayed up for > than 1 seconds (startsecs)
2025-08-10 17:18:59,779 WARN exited: swoole (exit status 1; not expected)
2025-08-10 17:19:00,783 INFO spawned: 'swoole' with pid 34
2025-08-10 17:19:01,785 INFO success: swoole entered RUNNING state, process has stayed up for > than 1 seconds (startsecs)
2025-08-10 17:19:04,600 WARN exited: swoole (exit status 1; not expected)
2025-08-10 17:19:05,605 INFO spawned: 'swoole' with pid 43
2025-08-10 17:19:06,607 INFO success: swoole entered RUNNING state, process has stayed up for > than 1 seconds (startsecs)
2025-08-10 17:19:09,587 WARN exited: swoole (exit status 1; not expected)
2025-08-10 17:19:10,590 INFO spawned: 'swoole' with pid 53
2025-08-10 17:19:11,592 INFO success: swoole entered RUNNING state, process has stayed up for > than 1 seconds (startsecs)
2025-08-10 17:19:13,242 WARN exited: swoole (exit status 1; not expected)
2025-08-10 17:19:14,246 INFO spawned: 'swoole' with pid 62
2025-08-10 17:19:15,248 INFO success: swoole entered RUNNING state, process has stayed up for > than 1 seconds (startsecs)
2025-08-10 17:19:17,439 WARN exited: swoole (exit status 1; not expected)
2025-08-10 17:19:18,445 INFO spawned: 'swoole' with pid 65
2025-08-10 17:19:18,445 WARN received SIGTERM indicating exit request
2025-08-10 17:19:18,447 INFO waiting for swoole to die
2025-08-10 17:19:22,343 INFO waiting for swoole to die
2025-08-10 17:19:24,759 WARN stopped: swoole (exit status 1)
2025-08-10 17:26:01,082 INFO Set uid to user 0 succeeded
2025-08-10 17:26:01,106 INFO supervisord started with pid 1
2025-08-10 17:26:02,129 INFO spawned: 'swoole' with pid 7
2025-08-10 17:26:03,140 INFO success: swoole entered RUNNING state, process has stayed up for > than 1 seconds (startsecs)
2025-08-10 17:26:06,899 WARN exited: swoole (exit status 1; not expected)
2025-08-10 17:26:07,907 INFO spawned: 'swoole' with pid 16
2025-08-10 17:26:08,910 INFO success: swoole entered RUNNING state, process has stayed up for > than 1 seconds (startsecs)
2025-08-10 17:26:12,170 WARN exited: swoole (exit status 1; not expected)
2025-08-10 17:26:13,175 INFO spawned: 'swoole' with pid 25
2025-08-10 17:26:14,177 INFO success: swoole entered RUNNING state, process has stayed up for > than 1 seconds (startsecs)
2025-08-10 17:26:16,311 WARN exited: swoole (exit status 1; not expected)
2025-08-10 17:26:17,313 INFO spawned: 'swoole' with pid 35
2025-08-10 17:26:18,315 INFO success: swoole entered RUNNING state, process has stayed up for > than 1 seconds (startsecs)
2025-08-10 17:26:19,788 WARN exited: swoole (exit status 1; not expected)
2025-08-10 17:26:20,791 INFO spawned: 'swoole' with pid 44
2025-08-10 17:26:21,793 INFO success: swoole entered RUNNING state, process has stayed up for > than 1 seconds (startsecs)
2025-08-10 17:26:22,794 WARN received SIGTERM indicating exit request
2025-08-10 17:26:22,795 INFO waiting for swoole to die
2025-08-10 17:26:22,799 WARN stopped: swoole (terminated by SIGTERM)
2025-08-10 17:40:05,677 INFO Set uid to user 0 succeeded
2025-08-10 17:40:05,694 INFO supervisord started with pid 1
2025-08-10 17:40:06,701 INFO spawned: 'swoole' with pid 8
2025-08-10 17:40:07,711 INFO success: swoole entered RUNNING state, process has stayed up for > than 1 seconds (startsecs)
2025-08-10 17:40:19,954 WARN exited: swoole (exit status 1; not expected)
2025-08-10 17:40:20,974 INFO spawned: 'swoole' with pid 23
2025-08-10 17:40:21,990 INFO success: swoole entered RUNNING state, process has stayed up for > than 1 seconds (startsecs)
2025-08-10 17:40:27,357 WARN exited: swoole (exit status 1; not expected)
2025-08-10 17:40:28,362 INFO spawned: 'swoole' with pid 38
2025-08-10 17:40:29,368 INFO success: swoole entered RUNNING state, process has stayed up for > than 1 seconds (startsecs)
2025-08-10 17:40:32,445 WARN exited: swoole (exit status 1; not expected)
2025-08-10 17:40:33,447 INFO spawned: 'swoole' with pid 47
2025-08-10 17:40:34,449 INFO success: swoole entered RUNNING state, process has stayed up for > than 1 seconds (startsecs)
2025-08-10 17:40:37,429 WARN exited: swoole (exit status 1; not expected)
2025-08-10 17:40:38,434 INFO spawned: 'swoole' with pid 56
2025-08-10 17:40:39,435 INFO success: swoole entered RUNNING state, process has stayed up for > than 1 seconds (startsecs)
2025-08-10 17:40:42,103 WARN exited: swoole (exit status 1; not expected)
2025-08-10 17:40:43,106 INFO spawned: 'swoole' with pid 59
2025-08-10 17:40:44,108 INFO success: swoole entered RUNNING state, process has stayed up for > than 1 seconds (startsecs)
2025-08-10 17:40:50,682 WARN exited: swoole (exit status 1; not expected)
2025-08-10 17:40:51,686 INFO spawned: 'swoole' with pid 75
2025-08-10 17:40:52,688 INFO success: swoole entered RUNNING state, process has stayed up for > than 1 seconds (startsecs)
2025-08-10 17:40:55,483 WARN exited: swoole (exit status 1; not expected)
2025-08-10 17:40:56,487 INFO spawned: 'swoole' with pid 78
2025-08-10 17:40:57,488 INFO success: swoole entered RUNNING state, process has stayed up for > than 1 seconds (startsecs)
2025-08-10 17:40:59,891 WARN exited: swoole (exit status 1; not expected)
2025-08-10 17:40:59,893 INFO spawned: 'swoole' with pid 81
2025-08-10 17:41:00,898 INFO success: swoole entered RUNNING state, process has stayed up for > than 1 seconds (startsecs)
2025-08-10 17:41:03,431 WARN exited: swoole (exit status 1; not expected)
2025-08-10 17:41:04,433 INFO spawned: 'swoole' with pid 90
2025-08-10 17:41:05,435 INFO success: swoole entered RUNNING state, process has stayed up for > than 1 seconds (startsecs)
2025-08-10 17:41:08,079 WARN exited: swoole (exit status 1; not expected)
2025-08-10 17:41:09,082 INFO spawned: 'swoole' with pid 93
2025-08-10 17:41:10,083 INFO success: swoole entered RUNNING state, process has stayed up for > than 1 seconds (startsecs)
2025-08-10 17:41:13,065 WARN exited: swoole (exit status 1; not expected)
2025-08-10 17:41:14,069 INFO spawned: 'swoole' with pid 109
2025-08-10 17:41:15,073 INFO success: swoole entered RUNNING state, process has stayed up for > than 1 seconds (startsecs)
2025-08-10 17:41:18,292 WARN exited: swoole (exit status 1; not expected)
2025-08-10 17:41:19,295 INFO spawned: 'swoole' with pid 114
2025-08-10 17:41:23,441 INFO success: swoole entered RUNNING state, process has stayed up for > than 1 seconds (startsecs)
2025-08-10 17:41:25,056 WARN exited: swoole (exit status 1; not expected)
2025-08-10 17:41:26,061 INFO spawned: 'swoole' with pid 126
2025-08-10 17:41:27,063 INFO success: swoole entered RUNNING state, process has stayed up for > than 1 seconds (startsecs)
2025-08-10 17:41:29,621 WARN exited: swoole (exit status 1; not expected)
2025-08-10 17:41:30,624 INFO spawned: 'swoole' with pid 130
2025-08-10 17:41:31,626 INFO success: swoole entered RUNNING state, process has stayed up for > than 1 seconds (startsecs)
2025-08-10 17:41:34,326 WARN exited: swoole (exit status 1; not expected)
2025-08-10 17:41:35,331 INFO spawned: 'swoole' with pid 139
2025-08-10 17:41:36,333 INFO success: swoole entered RUNNING state, process has stayed up for > than 1 seconds (startsecs)
2025-08-10 17:41:38,941 WARN exited: swoole (exit status 1; not expected)
2025-08-10 17:41:39,945 INFO spawned: 'swoole' with pid 142
2025-08-10 17:41:40,947 INFO success: swoole entered RUNNING state, process has stayed up for > than 1 seconds (startsecs)
2025-08-10 17:41:44,469 WARN exited: swoole (exit status 1; not expected)
2025-08-10 17:41:45,473 INFO spawned: 'swoole' with pid 152
2025-08-10 17:41:46,481 INFO success: swoole entered RUNNING state, process has stayed up for > than 1 seconds (startsecs)
2025-08-10 17:41:50,545 WARN exited: swoole (exit status 1; not expected)
2025-08-10 17:41:51,548 INFO spawned: 'swoole' with pid 156
2025-08-10 17:41:52,549 INFO success: swoole entered RUNNING state, process has stayed up for > than 1 seconds (startsecs)
2025-08-10 17:41:58,906 WARN exited: swoole (exit status 1; not expected)
2025-08-10 17:41:59,909 INFO spawned: 'swoole' with pid 165
2025-08-10 17:42:00,910 INFO success: swoole entered RUNNING state, process has stayed up for > than 1 seconds (startsecs)
2025-08-10 17:42:03,757 WARN exited: swoole (exit status 1; not expected)
2025-08-10 17:42:04,762 INFO spawned: 'swoole' with pid 168
2025-08-10 17:42:05,764 INFO success: swoole entered RUNNING state, process has stayed up for > than 1 seconds (startsecs)
2025-08-10 17:42:08,460 WARN exited: swoole (exit status 1; not expected)
2025-08-10 17:42:09,463 INFO spawned: 'swoole' with pid 177
2025-08-10 17:42:10,465 INFO success: swoole entered RUNNING state, process has stayed up for > than 1 seconds (startsecs)
2025-08-10 17:42:13,058 WARN exited: swoole (exit status 1; not expected)
2025-08-10 17:42:14,060 INFO spawned: 'swoole' with pid 180
2025-08-10 17:42:15,062 INFO success: swoole entered RUNNING state, process has stayed up for > than 1 seconds (startsecs)
2025-08-10 17:42:18,427 WARN exited: swoole (exit status 1; not expected)
2025-08-10 17:42:19,431 INFO spawned: 'swoole' with pid 189
2025-08-10 17:42:20,432 INFO success: swoole entered RUNNING state, process has stayed up for > than 1 seconds (startsecs)
2025-08-10 17:42:23,309 WARN exited: swoole (exit status 1; not expected)
2025-08-10 17:42:24,312 INFO spawned: 'swoole' with pid 192
2025-08-10 17:42:25,314 INFO success: swoole entered RUNNING state, process has stayed up for > than 1 seconds (startsecs)
2025-08-10 17:42:31,163 WARN exited: swoole (exit status 1; not expected)
2025-08-10 17:42:31,165 INFO spawned: 'swoole' with pid 201
2025-08-10 17:42:32,167 INFO success: swoole entered RUNNING state, process has stayed up for > than 1 seconds (startsecs)
2025-08-10 17:42:34,883 WARN exited: swoole (exit status 1; not expected)
2025-08-10 17:42:35,887 INFO spawned: 'swoole' with pid 204
2025-08-10 17:42:36,891 INFO success: swoole entered RUNNING state, process has stayed up for > than 1 seconds (startsecs)
2025-08-10 17:42:42,148 WARN exited: swoole (exit status 1; not expected)
2025-08-10 17:42:43,229 INFO spawned: 'swoole' with pid 213
2025-08-10 17:42:44,259 INFO success: swoole entered RUNNING state, process has stayed up for > than 1 seconds (startsecs)
2025-08-10 17:42:55,881 WARN exited: swoole (exit status 1; not expected)
2025-08-10 17:42:56,888 INFO spawned: 'swoole' with pid 222
2025-08-10 17:42:57,893 INFO success: swoole entered RUNNING state, process has stayed up for > than 1 seconds (startsecs)
2025-08-10 17:43:12,049 WARN exited: swoole (exit status 1; not expected)
2025-08-10 17:43:13,056 INFO spawned: 'swoole' with pid 231
2025-08-10 17:43:14,059 INFO success: swoole entered RUNNING state, process has stayed up for > than 1 seconds (startsecs)
2025-08-10 17:43:24,797 WARN exited: swoole (exit status 1; not expected)
2025-08-10 17:43:25,802 INFO spawned: 'swoole' with pid 246
2025-08-10 17:43:26,805 INFO success: swoole entered RUNNING state, process has stayed up for > than 1 seconds (startsecs)
2025-08-10 17:43:27,808 WARN received SIGTERM indicating exit request
2025-08-10 17:43:27,811 INFO waiting for swoole to die
2025-08-10 17:43:27,816 WARN stopped: swoole (terminated by SIGTERM)
2025-08-10 17:52:11,616 INFO Set uid to user 0 succeeded
2025-08-10 17:52:11,624 INFO supervisord started with pid 1
2025-08-10 17:52:12,627 INFO spawned: 'swoole' with pid 7
2025-08-10 17:52:13,629 INFO success: swoole entered RUNNING state, process has stayed up for > than 1 seconds (startsecs)
2025-08-10 17:52:17,072 WARN exited: swoole (exit status 1; not expected)
2025-08-10 17:52:18,076 INFO spawned: 'swoole' with pid 23
2025-08-10 17:52:19,079 INFO success: swoole entered RUNNING state, process has stayed up for > than 1 seconds (startsecs)
2025-08-10 17:52:22,070 WARN exited: swoole (exit status 1; not expected)
2025-08-10 17:52:26,218 INFO spawned: 'swoole' with pid 33
2025-08-10 17:52:27,220 INFO success: swoole entered RUNNING state, process has stayed up for > than 1 seconds (startsecs)
2025-08-10 17:52:29,716 WARN exited: swoole (exit status 1; not expected)
2025-08-10 17:52:30,719 INFO spawned: 'swoole' with pid 44
2025-08-10 17:52:31,721 INFO success: swoole entered RUNNING state, process has stayed up for > than 1 seconds (startsecs)
2025-08-10 17:52:34,617 WARN exited: swoole (exit status 1; not expected)
2025-08-10 17:52:35,620 INFO spawned: 'swoole' with pid 53
2025-08-10 17:52:36,622 INFO success: swoole entered RUNNING state, process has stayed up for > than 1 seconds (startsecs)
2025-08-10 17:52:39,853 WARN exited: swoole (exit status 1; not expected)
2025-08-10 17:52:40,856 INFO spawned: 'swoole' with pid 62
2025-08-10 17:52:41,857 INFO success: swoole entered RUNNING state, process has stayed up for > than 1 seconds (startsecs)
2025-08-10 17:52:46,167 WARN exited: swoole (exit status 1; not expected)
2025-08-10 17:52:47,171 INFO spawned: 'swoole' with pid 71
2025-08-10 17:52:48,175 INFO success: swoole entered RUNNING state, process has stayed up for > than 1 seconds (startsecs)
2025-08-10 17:52:59,810 WARN exited: swoole (exit status 1; not expected)
2025-08-10 17:52:59,823 INFO spawned: 'swoole' with pid 80
2025-08-10 17:53:00,826 INFO success: swoole entered RUNNING state, process has stayed up for > than 1 seconds (startsecs)
2025-08-10 17:53:04,718 WARN exited: swoole (exit status 1; not expected)
2025-08-10 17:53:05,726 INFO spawned: 'swoole' with pid 83
2025-08-10 17:53:06,737 INFO success: swoole entered RUNNING state, process has stayed up for > than 1 seconds (startsecs)
2025-08-10 17:53:10,483 WARN received SIGTERM indicating exit request
2025-08-10 17:53:10,484 INFO waiting for swoole to die
2025-08-10 17:53:10,486 WARN stopped: swoole (terminated by SIGTERM)
2025-08-10 18:06:32,973 INFO Set uid to user 0 succeeded
2025-08-10 18:06:32,989 INFO supervisord started with pid 1
2025-08-10 18:06:33,997 INFO spawned: 'swoole' with pid 7
2025-08-10 18:06:35,012 INFO success: swoole entered RUNNING state, process has stayed up for > than 1 seconds (startsecs)
2025-08-10 18:06:40,257 WARN exited: swoole (exit status 1; not expected)
2025-08-10 18:06:41,263 INFO spawned: 'swoole' with pid 16
2025-08-10 18:06:42,275 INFO success: swoole entered RUNNING state, process has stayed up for > than 1 seconds (startsecs)
2025-08-10 18:06:51,951 WARN exited: swoole (exit status 1; not expected)
2025-08-10 18:06:52,955 INFO spawned: 'swoole' with pid 30
2025-08-10 18:06:53,956 INFO success: swoole entered RUNNING state, process has stayed up for > than 1 seconds (startsecs)
2025-08-10 18:06:56,353 WARN exited: swoole (exit status 1; not expected)
2025-08-10 18:06:57,357 INFO spawned: 'swoole' with pid 39
2025-08-10 18:06:58,362 INFO success: swoole entered RUNNING state, process has stayed up for > than 1 seconds (startsecs)
2025-08-10 18:06:59,942 WARN exited: swoole (exit status 1; not expected)
2025-08-10 18:07:00,945 INFO spawned: 'swoole' with pid 48
2025-08-10 18:07:00,947 WARN received SIGTERM indicating exit request
2025-08-10 18:07:00,948 INFO waiting for swoole to die
2025-08-10 18:07:00,950 WARN stopped: swoole (terminated by SIGTERM)
2025-08-11 11:10:15,332 INFO Set uid to user 0 succeeded
2025-08-11 11:10:15,352 INFO supervisord started with pid 1
2025-08-11 11:10:16,356 INFO spawned: 'queue_00' with pid 8
2025-08-11 11:10:16,358 INFO spawned: 'swoole_00' with pid 9
2025-08-11 11:10:17,428 INFO success: queue_00 entered RUNNING state, process has stayed up for > than 1 seconds (startsecs)
2025-08-11 11:10:17,429 INFO success: swoole_00 entered RUNNING state, process has stayed up for > than 1 seconds (startsecs)
2025-08-11 11:10:22,236 WARN exited: swoole_00 (exit status 1; not expected)
2025-08-11 11:10:22,237 WARN exited: queue_00 (exit status 1; not expected)
2025-08-11 11:10:22,240 INFO spawned: 'queue_00' with pid 20
2025-08-11 11:10:22,243 INFO spawned: 'swoole_00' with pid 21
2025-08-11 11:10:23,273 INFO success: queue_00 entered RUNNING state, process has stayed up for > than 1 seconds (startsecs)
2025-08-11 11:10:23,274 INFO success: swoole_00 entered RUNNING state, process has stayed up for > than 1 seconds (startsecs)
2025-08-11 11:10:24,623 WARN exited: queue_00 (exit status 1; not expected)
2025-08-11 11:10:24,628 INFO spawned: 'queue_00' with pid 33
2025-08-11 11:10:24,632 WARN exited: swoole_00 (exit status 1; not expected)
2025-08-11 11:10:24,651 INFO spawned: 'swoole_00' with pid 34
2025-08-11 11:10:25,678 INFO success: queue_00 entered RUNNING state, process has stayed up for > than 1 seconds (startsecs)
2025-08-11 11:10:25,678 INFO success: swoole_00 entered RUNNING state, process has stayed up for > than 1 seconds (startsecs)
2025-08-11 11:11:03,790 INFO Set uid to user 0 succeeded
2025-08-11 11:11:03,796 INFO supervisord started with pid 1
2025-08-11 11:11:04,800 INFO spawned: 'queue_00' with pid 7
2025-08-11 11:11:04,804 INFO spawned: 'swoole_00' with pid 8
2025-08-11 11:11:05,822 INFO success: queue_00 entered RUNNING state, process has stayed up for > than 1 seconds (startsecs)
2025-08-11 11:11:05,822 INFO success: swoole_00 entered RUNNING state, process has stayed up for > than 1 seconds (startsecs)
2025-08-11 11:11:07,004 WARN exited: swoole_00 (exit status 1; not expected)
2025-08-11 11:11:07,007 INFO spawned: 'swoole_00' with pid 13
2025-08-11 11:11:07,008 WARN exited: queue_00 (exit status 1; not expected)
2025-08-11 11:11:07,031 INFO spawned: 'queue_00' with pid 14
2025-08-11 11:11:08,049 INFO success: queue_00 entered RUNNING state, process has stayed up for > than 1 seconds (startsecs)
2025-08-11 11:11:08,049 INFO success: swoole_00 entered RUNNING state, process has stayed up for > than 1 seconds (startsecs)
2025-08-11 11:11:09,081 WARN exited: queue_00 (exit status 1; not expected)
2025-08-11 11:11:09,083 INFO spawned: 'queue_00' with pid 25
2025-08-11 11:11:09,084 WARN exited: swoole_00 (exit status 1; not expected)
2025-08-11 11:11:09,103 INFO spawned: 'swoole_00' with pid 26
2025-08-11 11:11:10,128 INFO success: queue_00 entered RUNNING state, process has stayed up for > than 1 seconds (startsecs)
2025-08-11 11:11:10,129 INFO success: swoole_00 entered RUNNING state, process has stayed up for > than 1 seconds (startsecs)
2025-08-11 11:11:11,140 WARN exited: queue_00 (exit status 1; not expected)
2025-08-11 11:11:11,146 INFO spawned: 'queue_00' with pid 31
2025-08-11 11:11:11,147 WARN exited: swoole_00 (exit status 1; not expected)
2025-08-11 11:11:11,163 INFO spawned: 'swoole_00' with pid 32
2025-08-11 11:11:12,187 INFO success: queue_00 entered RUNNING state, process has stayed up for > than 1 seconds (startsecs)
2025-08-11 11:11:12,188 INFO success: swoole_00 entered RUNNING state, process has stayed up for > than 1 seconds (startsecs)
2025-08-11 11:11:13,583 WARN exited: queue_00 (exit status 1; not expected)
2025-08-11 11:11:13,588 INFO spawned: 'queue_00' with pid 43
2025-08-11 11:11:13,594 WARN exited: swoole_00 (exit status 1; not expected)
2025-08-11 11:11:13,610 INFO spawned: 'swoole_00' with pid 44
2025-08-11 11:11:14,634 INFO success: queue_00 entered RUNNING state, process has stayed up for > than 1 seconds (startsecs)
2025-08-11 11:11:14,634 INFO success: swoole_00 entered RUNNING state, process has stayed up for > than 1 seconds (startsecs)
2025-08-11 11:11:15,724 WARN exited: queue_00 (exit status 1; not expected)
2025-08-11 11:11:15,726 INFO spawned: 'queue_00' with pid 49
2025-08-11 11:11:15,727 WARN exited: swoole_00 (exit status 1; not expected)
2025-08-11 11:11:15,748 INFO spawned: 'swoole_00' with pid 50
2025-08-11 11:11:16,774 INFO success: queue_00 entered RUNNING state, process has stayed up for > than 1 seconds (startsecs)
2025-08-11 11:11:16,775 INFO success: swoole_00 entered RUNNING state, process has stayed up for > than 1 seconds (startsecs)
2025-08-11 11:11:18,042 WARN exited: queue_00 (exit status 1; not expected)
2025-08-11 11:11:18,045 INFO spawned: 'queue_00' with pid 55
2025-08-11 11:11:18,046 WARN exited: swoole_00 (exit status 1; not expected)
2025-08-11 11:11:18,062 INFO spawned: 'swoole_00' with pid 56
2025-08-11 11:11:19,082 INFO success: queue_00 entered RUNNING state, process has stayed up for > than 1 seconds (startsecs)
2025-08-11 11:11:19,083 INFO success: swoole_00 entered RUNNING state, process has stayed up for > than 1 seconds (startsecs)
2025-08-11 11:11:20,134 WARN exited: queue_00 (exit status 1; not expected)
2025-08-11 11:11:20,137 INFO spawned: 'queue_00' with pid 67
2025-08-11 11:11:20,138 WARN exited: swoole_00 (exit status 1; not expected)
2025-08-11 11:11:20,156 INFO spawned: 'swoole_00' with pid 68
2025-08-11 11:11:21,174 INFO success: queue_00 entered RUNNING state, process has stayed up for > than 1 seconds (startsecs)
2025-08-11 11:11:21,175 INFO success: swoole_00 entered RUNNING state, process has stayed up for > than 1 seconds (startsecs)
2025-08-11 11:11:22,190 WARN exited: swoole_00 (exit status 1; not expected)
2025-08-11 11:11:22,194 INFO spawned: 'swoole_00' with pid 73
2025-08-11 11:11:22,194 WARN exited: queue_00 (exit status 1; not expected)
2025-08-11 11:11:22,211 INFO spawned: 'queue_00' with pid 74
2025-08-11 11:11:23,229 INFO success: queue_00 entered RUNNING state, process has stayed up for > than 1 seconds (startsecs)
2025-08-11 11:11:23,229 INFO success: swoole_00 entered RUNNING state, process has stayed up for > than 1 seconds (startsecs)
2025-08-11 11:11:24,396 WARN exited: queue_00 (exit status 1; not expected)
2025-08-11 11:11:24,398 INFO spawned: 'queue_00' with pid 85
2025-08-11 11:11:24,399 WARN exited: swoole_00 (exit status 1; not expected)
2025-08-11 11:11:24,418 INFO spawned: 'swoole_00' with pid 86
2025-08-11 11:11:25,441 INFO success: queue_00 entered RUNNING state, process has stayed up for > than 1 seconds (startsecs)
2025-08-11 11:11:25,441 INFO success: swoole_00 entered RUNNING state, process has stayed up for > than 1 seconds (startsecs)
2025-08-11 11:11:26,803 WARN exited: queue_00 (exit status 1; not expected)
2025-08-11 11:11:26,808 INFO spawned: 'queue_00' with pid 91
2025-08-11 11:11:26,809 WARN exited: swoole_00 (exit status 1; not expected)
2025-08-11 11:11:26,835 INFO spawned: 'swoole_00' with pid 92
2025-08-11 11:11:27,857 INFO success: queue_00 entered RUNNING state, process has stayed up for > than 1 seconds (startsecs)
2025-08-11 11:11:27,858 INFO success: swoole_00 entered RUNNING state, process has stayed up for > than 1 seconds (startsecs)
2025-08-11 11:11:29,121 WARN exited: queue_00 (exit status 1; not expected)
2025-08-11 11:11:29,127 INFO spawned: 'queue_00' with pid 103
2025-08-11 11:11:29,128 WARN exited: swoole_00 (exit status 1; not expected)
2025-08-11 11:11:29,147 INFO spawned: 'swoole_00' with pid 104
2025-08-11 11:11:30,167 INFO success: queue_00 entered RUNNING state, process has stayed up for > than 1 seconds (startsecs)
2025-08-11 11:11:30,168 INFO success: swoole_00 entered RUNNING state, process has stayed up for > than 1 seconds (startsecs)
2025-08-11 11:11:31,201 WARN exited: queue_00 (exit status 1; not expected)
2025-08-11 11:11:31,204 INFO spawned: 'queue_00' with pid 109
2025-08-11 11:11:31,204 WARN exited: swoole_00 (exit status 1; not expected)
2025-08-11 11:11:31,220 INFO spawned: 'swoole_00' with pid 110
2025-08-11 11:11:32,239 INFO success: queue_00 entered RUNNING state, process has stayed up for > than 1 seconds (startsecs)
2025-08-11 11:11:32,239 INFO success: swoole_00 entered RUNNING state, process has stayed up for > than 1 seconds (startsecs)
2025-08-11 11:11:33,278 WARN exited: swoole_00 (exit status 1; not expected)
2025-08-11 11:11:33,281 INFO spawned: 'swoole_00' with pid 115
2025-08-11 11:11:33,282 WARN exited: queue_00 (exit status 1; not expected)
2025-08-11 11:11:33,284 INFO spawned: 'queue_00' with pid 116
2025-08-11 11:11:34,301 INFO success: queue_00 entered RUNNING state, process has stayed up for > than 1 seconds (startsecs)
2025-08-11 11:11:34,302 INFO success: swoole_00 entered RUNNING state, process has stayed up for > than 1 seconds (startsecs)
2025-08-11 11:11:35,351 WARN exited: queue_00 (exit status 1; not expected)
2025-08-11 11:11:35,353 INFO spawned: 'queue_00' with pid 127
2025-08-11 11:11:35,354 WARN exited: swoole_00 (exit status 1; not expected)
2025-08-11 11:11:35,371 INFO spawned: 'swoole_00' with pid 128
2025-08-11 11:11:36,390 INFO success: queue_00 entered RUNNING state, process has stayed up for > than 1 seconds (startsecs)
2025-08-11 11:11:36,390 INFO success: swoole_00 entered RUNNING state, process has stayed up for > than 1 seconds (startsecs)
2025-08-11 11:11:37,499 WARN exited: queue_00 (exit status 1; not expected)
2025-08-11 11:11:37,501 INFO spawned: 'queue_00' with pid 133
2025-08-11 11:11:37,502 WARN exited: swoole_00 (exit status 1; not expected)
2025-08-11 11:11:37,519 INFO spawned: 'swoole_00' with pid 134
2025-08-11 11:11:38,544 INFO success: queue_00 entered RUNNING state, process has stayed up for > than 1 seconds (startsecs)
2025-08-11 11:11:38,545 INFO success: swoole_00 entered RUNNING state, process has stayed up for > than 1 seconds (startsecs)
2025-08-11 11:11:39,724 WARN exited: swoole_00 (exit status 1; not expected)
2025-08-11 11:11:39,725 WARN exited: queue_00 (exit status 1; not expected)
2025-08-11 11:11:39,727 INFO spawned: 'queue_00' with pid 139
2025-08-11 11:11:39,729 INFO spawned: 'swoole_00' with pid 140
2025-08-11 11:11:40,751 INFO success: queue_00 entered RUNNING state, process has stayed up for > than 1 seconds (startsecs)
2025-08-11 11:11:40,752 INFO success: swoole_00 entered RUNNING state, process has stayed up for > than 1 seconds (startsecs)
2025-08-11 11:11:41,746 WARN exited: swoole_00 (exit status 1; not expected)
2025-08-11 11:11:41,748 INFO spawned: 'swoole_00' with pid 145
2025-08-11 11:11:41,749 WARN exited: queue_00 (exit status 1; not expected)
2025-08-11 11:11:41,768 INFO spawned: 'queue_00' with pid 146
2025-08-11 11:11:42,786 INFO success: queue_00 entered RUNNING state, process has stayed up for > than 1 seconds (startsecs)
2025-08-11 11:11:42,786 INFO success: swoole_00 entered RUNNING state, process has stayed up for > than 1 seconds (startsecs)
2025-08-11 11:11:43,818 WARN exited: swoole_00 (exit status 1; not expected)
2025-08-11 11:11:43,821 INFO spawned: 'swoole_00' with pid 158
2025-08-11 11:11:43,822 WARN exited: queue_00 (exit status 1; not expected)
2025-08-11 11:11:43,838 INFO spawned: 'queue_00' with pid 159
2025-08-11 11:11:44,864 INFO success: queue_00 entered RUNNING state, process has stayed up for > than 1 seconds (startsecs)
2025-08-11 11:11:44,864 INFO success: swoole_00 entered RUNNING state, process has stayed up for > than 1 seconds (startsecs)
2025-08-11 11:11:46,498 WARN exited: swoole_00 (exit status 1; not expected)
2025-08-11 11:11:46,502 INFO spawned: 'swoole_00' with pid 164
2025-08-11 11:11:46,506 WARN exited: queue_00 (exit status 1; not expected)
2025-08-11 11:11:46,535 INFO spawned: 'queue_00' with pid 165
2025-08-11 11:11:47,553 INFO success: queue_00 entered RUNNING state, process has stayed up for > than 1 seconds (startsecs)
2025-08-11 11:11:47,554 INFO success: swoole_00 entered RUNNING state, process has stayed up for > than 1 seconds (startsecs)
2025-08-11 11:11:48,888 WARN exited: queue_00 (exit status 1; not expected)
2025-08-11 11:11:48,894 INFO spawned: 'queue_00' with pid 170
2025-08-11 11:11:48,895 WARN exited: swoole_00 (exit status 1; not expected)
2025-08-11 11:11:48,916 INFO spawned: 'swoole_00' with pid 171
2025-08-11 11:11:49,947 INFO success: queue_00 entered RUNNING state, process has stayed up for > than 1 seconds (startsecs)
2025-08-11 11:11:49,948 INFO success: swoole_00 entered RUNNING state, process has stayed up for > than 1 seconds (startsecs)
2025-08-11 11:11:51,594 WARN exited: swoole_00 (exit status 1; not expected)
2025-08-11 11:11:51,597 INFO spawned: 'swoole_00' with pid 176
2025-08-11 11:11:51,598 WARN exited: queue_00 (exit status 1; not expected)
2025-08-11 11:11:51,618 INFO spawned: 'queue_00' with pid 177
2025-08-11 11:11:52,638 INFO success: queue_00 entered RUNNING state, process has stayed up for > than 1 seconds (startsecs)
2025-08-11 11:11:52,638 INFO success: swoole_00 entered RUNNING state, process has stayed up for > than 1 seconds (startsecs)
2025-08-11 11:11:54,178 WARN exited: queue_00 (exit status 1; not expected)
2025-08-11 11:11:54,201 INFO spawned: 'queue_00' with pid 188
2025-08-11 11:11:54,214 WARN exited: swoole_00 (exit status 1; not expected)
2025-08-11 11:11:54,240 INFO spawned: 'swoole_00' with pid 189
2025-08-11 11:11:55,287 INFO success: queue_00 entered RUNNING state, process has stayed up for > than 1 seconds (startsecs)
2025-08-11 11:11:55,287 INFO success: swoole_00 entered RUNNING state, process has stayed up for > than 1 seconds (startsecs)
2025-08-11 11:11:57,872 WARN exited: swoole_00 (exit status 1; not expected)
2025-08-11 11:11:57,876 INFO spawned: 'swoole_00' with pid 194
2025-08-11 11:11:57,878 WARN exited: queue_00 (exit status 1; not expected)
2025-08-11 11:11:57,902 INFO spawned: 'queue_00' with pid 195
2025-08-11 11:11:58,925 INFO success: queue_00 entered RUNNING state, process has stayed up for > than 1 seconds (startsecs)
2025-08-11 11:11:58,926 INFO success: swoole_00 entered RUNNING state, process has stayed up for > than 1 seconds (startsecs)
2025-08-11 11:12:00,553 WARN exited: swoole_00 (exit status 1; not expected)
2025-08-11 11:12:00,554 WARN exited: queue_00 (exit status 1; not expected)
2025-08-11 11:12:00,556 INFO spawned: 'queue_00' with pid 200
2025-08-11 11:12:00,558 INFO spawned: 'swoole_00' with pid 201
2025-08-11 11:12:01,591 INFO success: queue_00 entered RUNNING state, process has stayed up for > than 1 seconds (startsecs)
2025-08-11 11:12:01,592 INFO success: swoole_00 entered RUNNING state, process has stayed up for > than 1 seconds (startsecs)
2025-08-11 11:12:02,663 WARN exited: queue_00 (exit status 1; not expected)
2025-08-11 11:12:02,668 INFO spawned: 'queue_00' with pid 206
2025-08-11 11:12:02,668 WARN exited: swoole_00 (exit status 1; not expected)
2025-08-11 11:12:02,671 INFO spawned: 'swoole_00' with pid 207
2025-08-11 11:12:03,691 INFO success: queue_00 entered RUNNING state, process has stayed up for > than 1 seconds (startsecs)
2025-08-11 11:12:03,692 INFO success: swoole_00 entered RUNNING state, process has stayed up for > than 1 seconds (startsecs)
2025-08-11 11:12:05,078 WARN exited: swoole_00 (exit status 1; not expected)
2025-08-11 11:12:05,081 INFO spawned: 'swoole_00' with pid 218
2025-08-11 11:12:05,082 WARN exited: queue_00 (exit status 1; not expected)
2025-08-11 11:12:05,104 INFO spawned: 'queue_00' with pid 219
2025-08-11 11:12:06,126 INFO success: queue_00 entered RUNNING state, process has stayed up for > than 1 seconds (startsecs)
2025-08-11 11:12:06,126 INFO success: swoole_00 entered RUNNING state, process has stayed up for > than 1 seconds (startsecs)
2025-08-11 11:12:08,074 WARN exited: swoole_00 (exit status 1; not expected)
2025-08-11 11:12:08,084 INFO spawned: 'swoole_00' with pid 224
2025-08-11 11:12:08,122 WARN exited: queue_00 (exit status 1; not expected)
2025-08-11 11:12:09,125 INFO spawned: 'queue_00' with pid 225
2025-08-11 11:12:09,126 INFO success: swoole_00 entered RUNNING state, process has stayed up for > than 1 seconds (startsecs)
2025-08-11 11:12:10,154 INFO success: queue_00 entered RUNNING state, process has stayed up for > than 1 seconds (startsecs)
2025-08-11 11:12:12,000 WARN exited: swoole_00 (exit status 1; not expected)
2025-08-11 11:12:13,003 INFO spawned: 'swoole_00' with pid 230
2025-08-11 11:12:13,068 WARN exited: queue_00 (exit status 1; not expected)
2025-08-11 11:12:14,070 INFO spawned: 'queue_00' with pid 237
2025-08-11 11:12:14,073 INFO success: swoole_00 entered RUNNING state, process has stayed up for > than 1 seconds (startsecs)
2025-08-11 11:12:15,107 INFO success: queue_00 entered RUNNING state, process has stayed up for > than 1 seconds (startsecs)
2025-08-11 11:12:17,496 WARN exited: swoole_00 (exit status 1; not expected)
2025-08-11 11:12:18,217 INFO spawned: 'swoole_00' with pid 248
2025-08-11 11:12:18,253 WARN exited: queue_00 (exit status 1; not expected)
2025-08-11 11:12:19,256 INFO spawned: 'queue_00' with pid 249
2025-08-11 11:12:19,257 INFO success: swoole_00 entered RUNNING state, process has stayed up for > than 1 seconds (startsecs)
2025-08-11 11:12:20,275 INFO success: queue_00 entered RUNNING state, process has stayed up for > than 1 seconds (startsecs)
2025-08-11 11:12:22,188 WARN exited: swoole_00 (exit status 1; not expected)
2025-08-11 11:12:23,136 INFO spawned: 'swoole_00' with pid 255
2025-08-11 11:12:23,180 WARN exited: queue_00 (exit status 1; not expected)
2025-08-11 11:12:24,183 INFO spawned: 'queue_00' with pid 262
2025-08-11 11:12:24,184 INFO success: swoole_00 entered RUNNING state, process has stayed up for > than 1 seconds (startsecs)
2025-08-11 11:12:25,210 INFO success: queue_00 entered RUNNING state, process has stayed up for > than 1 seconds (startsecs)
2025-08-11 11:12:27,639 WARN exited: swoole_00 (exit status 1; not expected)
2025-08-11 11:12:27,642 INFO spawned: 'swoole_00' with pid 266
2025-08-11 11:12:28,663 INFO success: swoole_00 entered RUNNING state, process has stayed up for > than 1 seconds (startsecs)
2025-08-11 11:12:29,202 WARN exited: queue_00 (exit status 1; not expected)
2025-08-11 11:12:30,205 INFO spawned: 'queue_00' with pid 269
2025-08-11 11:12:31,226 INFO success: queue_00 entered RUNNING state, process has stayed up for > than 1 seconds (startsecs)
2025-08-11 11:12:32,165 WARN exited: swoole_00 (exit status 1; not expected)
2025-08-11 11:12:33,168 INFO spawned: 'swoole_00' with pid 272
2025-08-11 11:12:34,193 INFO success: swoole_00 entered RUNNING state, process has stayed up for > than 1 seconds (startsecs)
2025-08-11 11:12:34,689 WARN exited: queue_00 (exit status 1; not expected)
2025-08-11 11:12:35,693 INFO spawned: 'queue_00' with pid 281
2025-08-11 11:12:36,720 INFO success: queue_00 entered RUNNING state, process has stayed up for > than 1 seconds (startsecs)
2025-08-11 11:12:37,834 WARN exited: swoole_00 (exit status 1; not expected)
2025-08-11 11:12:38,838 INFO spawned: 'swoole_00' with pid 284
2025-08-11 11:12:39,853 INFO success: swoole_00 entered RUNNING state, process has stayed up for > than 1 seconds (startsecs)
2025-08-11 11:12:39,887 WARN exited: queue_00 (exit status 1; not expected)
2025-08-11 11:12:40,891 INFO spawned: 'queue_00' with pid 287
2025-08-11 11:12:41,913 INFO success: queue_00 entered RUNNING state, process has stayed up for > than 1 seconds (startsecs)
2025-08-11 11:12:42,889 WARN exited: swoole_00 (exit status 1; not expected)
2025-08-11 11:12:43,892 INFO spawned: 'swoole_00' with pid 290
2025-08-11 11:12:44,922 INFO success: swoole_00 entered RUNNING state, process has stayed up for > than 1 seconds (startsecs)
2025-08-11 11:12:45,002 WARN exited: queue_00 (exit status 1; not expected)
2025-08-11 11:12:46,006 INFO spawned: 'queue_00' with pid 299
2025-08-11 11:12:47,026 INFO success: queue_00 entered RUNNING state, process has stayed up for > than 1 seconds (startsecs)
2025-08-11 11:12:47,914 WARN exited: swoole_00 (exit status 1; not expected)
2025-08-11 11:12:48,917 INFO spawned: 'swoole_00' with pid 302
2025-08-11 11:12:49,896 WARN exited: queue_00 (exit status 1; not expected)
2025-08-11 11:12:50,899 INFO spawned: 'queue_00' with pid 305
2025-08-11 11:12:50,900 INFO success: swoole_00 entered RUNNING state, process has stayed up for > than 1 seconds (startsecs)
2025-08-11 11:12:51,917 INFO success: queue_00 entered RUNNING state, process has stayed up for > than 1 seconds (startsecs)
2025-08-11 11:12:52,833 WARN exited: swoole_00 (exit status 1; not expected)
2025-08-11 11:12:53,836 INFO spawned: 'swoole_00' with pid 308
2025-08-11 11:12:54,854 INFO success: swoole_00 entered RUNNING state, process has stayed up for > than 1 seconds (startsecs)
2025-08-11 11:12:55,004 WARN exited: queue_00 (exit status 1; not expected)
2025-08-11 11:12:56,008 INFO spawned: 'queue_00' with pid 317
2025-08-11 11:12:57,030 INFO success: queue_00 entered RUNNING state, process has stayed up for > than 1 seconds (startsecs)
2025-08-11 11:12:58,445 WARN exited: swoole_00 (exit status 1; not expected)
2025-08-11 11:12:59,449 INFO spawned: 'swoole_00' with pid 320
2025-08-11 11:13:00,473 INFO success: swoole_00 entered RUNNING state, process has stayed up for > than 1 seconds (startsecs)
2025-08-11 11:13:00,737 WARN exited: queue_00 (exit status 1; not expected)
2025-08-11 11:13:01,741 INFO spawned: 'queue_00' with pid 323
2025-08-11 11:13:02,757 INFO success: queue_00 entered RUNNING state, process has stayed up for > than 1 seconds (startsecs)
2025-08-11 11:13:03,589 WARN exited: swoole_00 (exit status 1; not expected)
2025-08-11 11:13:04,593 INFO spawned: 'swoole_00' with pid 332
2025-08-11 11:13:05,614 INFO success: swoole_00 entered RUNNING state, process has stayed up for > than 1 seconds (startsecs)
2025-08-11 11:13:05,822 WARN exited: queue_00 (exit status 1; not expected)
2025-08-11 11:13:06,825 INFO spawned: 'queue_00' with pid 335
2025-08-11 11:13:07,844 INFO success: queue_00 entered RUNNING state, process has stayed up for > than 1 seconds (startsecs)
2025-08-11 11:13:08,660 WARN exited: swoole_00 (exit status 1; not expected)
2025-08-11 11:13:09,664 INFO spawned: 'swoole_00' with pid 338
2025-08-11 11:13:10,682 INFO success: swoole_00 entered RUNNING state, process has stayed up for > than 1 seconds (startsecs)
2025-08-11 11:13:11,060 WARN exited: queue_00 (exit status 1; not expected)
2025-08-11 11:13:12,063 INFO spawned: 'queue_00' with pid 341
2025-08-11 11:13:13,085 INFO success: queue_00 entered RUNNING state, process has stayed up for > than 1 seconds (startsecs)
2025-08-11 11:13:14,364 WARN exited: swoole_00 (exit status 1; not expected)
2025-08-11 11:13:15,368 INFO spawned: 'swoole_00' with pid 350
2025-08-11 11:13:16,405 INFO success: swoole_00 entered RUNNING state, process has stayed up for > than 1 seconds (startsecs)
2025-08-11 11:13:17,816 WARN exited: queue_00 (exit status 1; not expected)
2025-08-11 11:13:18,833 INFO spawned: 'queue_00' with pid 353
2025-08-11 11:13:19,860 INFO success: queue_00 entered RUNNING state, process has stayed up for > than 1 seconds (startsecs)
2025-08-11 11:13:24,523 WARN exited: swoole_00 (exit status 1; not expected)
2025-08-11 11:13:25,527 INFO spawned: 'swoole_00' with pid 362
2025-08-11 11:13:26,553 INFO success: swoole_00 entered RUNNING state, process has stayed up for > than 1 seconds (startsecs)
2025-08-11 11:13:26,562 WARN exited: queue_00 (exit status 1; not expected)
2025-08-11 11:13:27,567 INFO spawned: 'queue_00' with pid 365
2025-08-11 11:13:28,593 INFO success: queue_00 entered RUNNING state, process has stayed up for > than 1 seconds (startsecs)
2025-08-11 11:13:30,890 WARN exited: swoole_00 (exit status 1; not expected)
2025-08-11 11:13:31,894 INFO spawned: 'swoole_00' with pid 368
2025-08-11 11:13:32,865 WARN exited: queue_00 (exit status 1; not expected)
2025-08-11 11:13:33,868 INFO spawned: 'queue_00' with pid 371
2025-08-11 11:13:33,873 INFO success: swoole_00 entered RUNNING state, process has stayed up for > than 1 seconds (startsecs)
2025-08-11 11:13:34,889 INFO success: queue_00 entered RUNNING state, process has stayed up for > than 1 seconds (startsecs)
2025-08-11 11:13:36,442 WARN exited: swoole_00 (exit status 1; not expected)
2025-08-11 11:13:37,446 INFO spawned: 'swoole_00' with pid 380
2025-08-11 11:13:38,329 WARN exited: queue_00 (exit status 1; not expected)
2025-08-11 11:13:39,334 INFO spawned: 'queue_00' with pid 383
2025-08-11 11:13:39,335 INFO success: swoole_00 entered RUNNING state, process has stayed up for > than 1 seconds (startsecs)
2025-08-11 11:13:40,365 INFO success: queue_00 entered RUNNING state, process has stayed up for > than 1 seconds (startsecs)
2025-08-11 11:13:41,732 WARN exited: swoole_00 (exit status 1; not expected)
2025-08-11 11:13:42,736 INFO spawned: 'swoole_00' with pid 386
2025-08-11 11:13:43,714 WARN exited: queue_00 (exit status 1; not expected)
2025-08-11 11:13:44,727 INFO spawned: 'queue_00' with pid 395
2025-08-11 11:13:44,728 INFO success: swoole_00 entered RUNNING state, process has stayed up for > than 1 seconds (startsecs)
2025-08-11 11:13:45,749 INFO success: queue_00 entered RUNNING state, process has stayed up for > than 1 seconds (startsecs)
2025-08-11 11:13:47,076 WARN exited: swoole_00 (exit status 1; not expected)
2025-08-11 11:13:48,080 INFO spawned: 'swoole_00' with pid 398
2025-08-11 11:13:49,055 WARN exited: queue_00 (exit status 1; not expected)
2025-08-11 11:13:50,059 INFO spawned: 'queue_00' with pid 401
2025-08-11 11:13:50,060 INFO success: swoole_00 entered RUNNING state, process has stayed up for > than 1 seconds (startsecs)
2025-08-11 11:13:51,079 INFO success: queue_00 entered RUNNING state, process has stayed up for > than 1 seconds (startsecs)
2025-08-11 11:13:53,369 WARN exited: swoole_00 (exit status 1; not expected)
2025-08-11 11:13:54,372 INFO spawned: 'swoole_00' with pid 412
2025-08-11 11:13:54,454 WARN exited: queue_00 (exit status 1; not expected)
2025-08-11 11:13:55,459 INFO spawned: 'queue_00' with pid 413
2025-08-11 11:13:55,460 INFO success: swoole_00 entered RUNNING state, process has stayed up for > than 1 seconds (startsecs)
2025-08-11 11:13:56,484 INFO success: queue_00 entered RUNNING state, process has stayed up for > than 1 seconds (startsecs)
2025-08-11 11:13:58,911 WARN exited: swoole_00 (exit status 1; not expected)
2025-08-11 11:13:59,904 INFO spawned: 'swoole_00' with pid 418
2025-08-11 11:13:59,954 WARN exited: queue_00 (exit status 1; not expected)
2025-08-11 11:14:00,959 INFO spawned: 'queue_00' with pid 419
2025-08-11 11:14:00,961 INFO success: swoole_00 entered RUNNING state, process has stayed up for > than 1 seconds (startsecs)
2025-08-11 11:14:01,986 INFO success: queue_00 entered RUNNING state, process has stayed up for > than 1 seconds (startsecs)
2025-08-11 11:14:04,191 WARN exited: swoole_00 (exit status 1; not expected)
2025-08-11 11:14:05,027 INFO spawned: 'swoole_00' with pid 430
2025-08-11 11:14:05,064 WARN exited: queue_00 (exit status 1; not expected)
2025-08-11 11:14:06,067 INFO spawned: 'queue_00' with pid 431
2025-08-11 11:14:06,068 INFO success: swoole_00 entered RUNNING state, process has stayed up for > than 1 seconds (startsecs)
2025-08-11 11:14:07,092 INFO success: queue_00 entered RUNNING state, process has stayed up for > than 1 seconds (startsecs)
2025-08-11 11:14:09,038 WARN exited: swoole_00 (exit status 1; not expected)
2025-08-11 11:14:09,919 INFO spawned: 'swoole_00' with pid 436
2025-08-11 11:14:09,963 WARN exited: queue_00 (exit status 1; not expected)
2025-08-11 11:14:10,966 INFO spawned: 'queue_00' with pid 437
2025-08-11 11:14:10,967 INFO success: swoole_00 entered RUNNING state, process has stayed up for > than 1 seconds (startsecs)
2025-08-11 11:14:11,990 INFO success: queue_00 entered RUNNING state, process has stayed up for > than 1 seconds (startsecs)
2025-08-11 11:14:14,032 WARN exited: swoole_00 (exit status 1; not expected)
2025-08-11 11:14:14,955 INFO spawned: 'swoole_00' with pid 448
2025-08-11 11:14:14,995 WARN exited: queue_00 (exit status 1; not expected)
2025-08-11 11:14:15,999 INFO spawned: 'queue_00' with pid 449
2025-08-11 11:14:15,999 INFO success: swoole_00 entered RUNNING state, process has stayed up for > than 1 seconds (startsecs)
2025-08-11 11:14:17,020 INFO success: queue_00 entered RUNNING state, process has stayed up for > than 1 seconds (startsecs)
2025-08-11 11:14:23,317 WARN exited: swoole_00 (exit status 1; not expected)
2025-08-11 11:14:24,330 INFO spawned: 'swoole_00' with pid 452
2025-08-11 11:14:25,469 INFO success: swoole_00 entered RUNNING state, process has stayed up for > than 1 seconds (startsecs)
2025-08-11 11:14:26,456 WARN exited: queue_00 (exit status 1; not expected)
2025-08-11 11:14:27,476 INFO spawned: 'queue_00' with pid 461
2025-08-11 11:14:28,517 INFO success: queue_00 entered RUNNING state, process has stayed up for > than 1 seconds (startsecs)
2025-08-11 11:14:37,768 WARN exited: swoole_00 (exit status 1; not expected)
2025-08-11 11:14:38,774 INFO spawned: 'swoole_00' with pid 472
2025-08-11 11:14:38,975 WARN exited: queue_00 (exit status 1; not expected)
2025-08-11 11:14:39,980 INFO spawned: 'queue_00' with pid 473
2025-08-11 11:14:39,981 INFO success: swoole_00 entered RUNNING state, process has stayed up for > than 1 seconds (startsecs)
2025-08-11 11:14:41,016 INFO success: queue_00 entered RUNNING state, process has stayed up for > than 1 seconds (startsecs)
2025-08-11 11:14:47,372 WARN exited: swoole_00 (exit status 1; not expected)
2025-08-11 11:14:48,389 INFO spawned: 'swoole_00' with pid 484
2025-08-11 11:14:48,683 WARN exited: queue_00 (exit status 1; not expected)
2025-08-11 11:14:49,690 INFO spawned: 'queue_00' with pid 485
2025-08-11 11:14:49,691 INFO success: swoole_00 entered RUNNING state, process has stayed up for > than 1 seconds (startsecs)
2025-08-11 11:14:50,727 INFO success: queue_00 entered RUNNING state, process has stayed up for > than 1 seconds (startsecs)
2025-08-11 11:14:54,306 WARN exited: swoole_00 (exit status 1; not expected)
2025-08-11 11:14:54,309 INFO spawned: 'swoole_00' with pid 488
2025-08-11 11:14:55,024 WARN exited: queue_00 (exit status 1; not expected)
2025-08-11 11:14:56,032 INFO spawned: 'queue_00' with pid 497
2025-08-11 11:14:56,037 INFO success: swoole_00 entered RUNNING state, process has stayed up for > than 1 seconds (startsecs)
2025-08-11 11:14:57,063 INFO success: queue_00 entered RUNNING state, process has stayed up for > than 1 seconds (startsecs)
2025-08-11 11:15:00,784 WARN exited: swoole_00 (exit status 1; not expected)
2025-08-11 11:15:01,789 INFO spawned: 'swoole_00' with pid 500
2025-08-11 11:15:02,826 INFO success: swoole_00 entered RUNNING state, process has stayed up for > than 1 seconds (startsecs)
2025-08-11 11:15:03,773 WARN exited: queue_00 (exit status 1; not expected)
2025-08-11 11:15:04,780 INFO spawned: 'queue_00' with pid 503
2025-08-11 11:15:05,806 INFO success: queue_00 entered RUNNING state, process has stayed up for > than 1 seconds (startsecs)
2025-08-11 11:15:07,820 WARN exited: swoole_00 (exit status 1; not expected)
2025-08-11 11:15:08,824 INFO spawned: 'swoole_00' with pid 512
2025-08-11 11:15:09,345 WARN exited: queue_00 (exit status 1; not expected)
2025-08-11 11:15:10,349 INFO spawned: 'queue_00' with pid 515
2025-08-11 11:15:10,351 INFO success: swoole_00 entered RUNNING state, process has stayed up for > than 1 seconds (startsecs)
2025-08-11 11:15:11,465 INFO success: queue_00 entered RUNNING state, process has stayed up for > than 1 seconds (startsecs)
2025-08-11 11:15:13,817 WARN exited: swoole_00 (exit status 1; not expected)
2025-08-11 11:15:14,814 INFO spawned: 'swoole_00' with pid 518
2025-08-11 11:15:15,245 WARN exited: queue_00 (exit status 1; not expected)
2025-08-11 11:15:16,249 INFO spawned: 'queue_00' with pid 527
2025-08-11 11:15:16,249 INFO success: swoole_00 entered RUNNING state, process has stayed up for > than 1 seconds (startsecs)
2025-08-11 11:15:17,270 INFO success: queue_00 entered RUNNING state, process has stayed up for > than 1 seconds (startsecs)
2025-08-11 11:15:18,971 WARN exited: swoole_00 (exit status 1; not expected)
2025-08-11 11:15:19,975 INFO spawned: 'swoole_00' with pid 530
2025-08-11 11:15:20,392 WARN exited: queue_00 (exit status 1; not expected)
2025-08-11 11:15:21,396 INFO spawned: 'queue_00' with pid 533
2025-08-11 11:15:21,397 INFO success: swoole_00 entered RUNNING state, process has stayed up for > than 1 seconds (startsecs)
2025-08-11 11:15:22,436 INFO success: queue_00 entered RUNNING state, process has stayed up for > than 1 seconds (startsecs)
2025-08-11 11:15:23,390 WARN received SIGTERM indicating exit request
2025-08-11 11:15:23,393 INFO waiting for queue_00, swoole_00 to die
2025-08-11 11:15:23,397 WARN stopped: swoole_00 (terminated by SIGTERM)
2025-08-11 11:15:23,401 WARN stopped: queue_00 (terminated by SIGTERM)
2025-08-11 11:16:33,564 INFO Set uid to user 0 succeeded
2025-08-11 11:16:33,576 INFO supervisord started with pid 1
2025-08-11 11:16:34,583 INFO spawned: 'queue_00' with pid 7
2025-08-11 11:16:34,589 INFO spawned: 'swoole_00' with pid 8
2025-08-11 11:16:35,597 INFO success: queue_00 entered RUNNING state, process has stayed up for > than 1 seconds (startsecs)
2025-08-11 11:16:35,598 INFO success: swoole_00 entered RUNNING state, process has stayed up for > than 1 seconds (startsecs)
2025-08-11 11:16:36,980 WARN exited: queue_00 (exit status 1; not expected)
2025-08-11 11:16:36,990 INFO spawned: 'queue_00' with pid 13
2025-08-11 11:16:36,992 WARN exited: swoole_00 (exit status 1; not expected)
2025-08-11 11:16:37,995 INFO success: queue_00 entered RUNNING state, process has stayed up for > than 1 seconds (startsecs)
2025-08-11 11:16:37,998 INFO spawned: 'swoole_00' with pid 21
2025-08-11 11:16:38,999 INFO success: swoole_00 entered RUNNING state, process has stayed up for > than 1 seconds (startsecs)
2025-08-11 11:16:40,760 WARN exited: queue_00 (exit status 1; not expected)
2025-08-11 11:16:41,679 INFO spawned: 'queue_00' with pid 26
2025-08-11 11:16:41,725 WARN exited: swoole_00 (exit status 1; not expected)
2025-08-11 11:16:42,727 INFO success: queue_00 entered RUNNING state, process has stayed up for > than 1 seconds (startsecs)
2025-08-11 11:16:42,729 INFO spawned: 'swoole_00' with pid 27
2025-08-11 11:16:43,732 INFO success: swoole_00 entered RUNNING state, process has stayed up for > than 1 seconds (startsecs)
2025-08-11 11:16:45,779 WARN exited: queue_00 (exit status 1; not expected)
2025-08-11 11:16:46,626 INFO spawned: 'queue_00' with pid 38
2025-08-11 11:16:46,684 WARN exited: swoole_00 (exit status 1; not expected)
2025-08-11 11:16:47,715 INFO success: queue_00 entered RUNNING state, process has stayed up for > than 1 seconds (startsecs)
2025-08-11 11:16:47,717 INFO spawned: 'swoole_00' with pid 39
2025-08-11 11:16:48,719 INFO success: swoole_00 entered RUNNING state, process has stayed up for > than 1 seconds (startsecs)
2025-08-11 11:16:50,910 WARN exited: queue_00 (exit status 1; not expected)
2025-08-11 11:16:51,916 INFO spawned: 'queue_00' with pid 48
2025-08-11 11:16:52,131 WARN exited: swoole_00 (exit status 1; not expected)
2025-08-11 11:16:53,136 INFO success: queue_00 entered RUNNING state, process has stayed up for > than 1 seconds (startsecs)
2025-08-11 11:16:53,141 INFO spawned: 'swoole_00' with pid 52
2025-08-11 11:16:54,149 INFO success: swoole_00 entered RUNNING state, process has stayed up for > than 1 seconds (startsecs)
2025-08-11 11:16:56,726 WARN exited: queue_00 (exit status 1; not expected)
2025-08-11 11:16:57,731 INFO spawned: 'queue_00' with pid 67
2025-08-11 11:16:57,849 WARN exited: swoole_00 (exit status 1; not expected)
2025-08-11 11:16:58,851 INFO success: queue_00 entered RUNNING state, process has stayed up for > than 1 seconds (startsecs)
2025-08-11 11:16:58,853 INFO spawned: 'swoole_00' with pid 75
2025-08-11 11:16:59,856 INFO success: swoole_00 entered RUNNING state, process has stayed up for > than 1 seconds (startsecs)
2025-08-11 11:17:01,719 WARN exited: queue_00 (exit status 1; not expected)
2025-08-11 11:17:02,723 INFO spawned: 'queue_00' with pid 79
2025-08-11 11:17:04,591 INFO success: queue_00 entered RUNNING state, process has stayed up for > than 1 seconds (startsecs)
2025-08-11 11:17:04,592 WARN exited: swoole_00 (exit status 1; not expected)
2025-08-11 11:17:05,597 INFO spawned: 'swoole_00' with pid 88
2025-08-11 11:17:06,602 INFO success: swoole_00 entered RUNNING state, process has stayed up for > than 1 seconds (startsecs)
2025-08-11 11:17:07,256 WARN exited: queue_00 (exit status 1; not expected)
2025-08-11 11:17:08,261 INFO spawned: 'queue_00' with pid 91
2025-08-11 11:17:09,263 INFO success: queue_00 entered RUNNING state, process has stayed up for > than 1 seconds (startsecs)
2025-08-11 11:17:10,237 WARN exited: swoole_00 (exit status 1; not expected)
2025-08-11 11:17:11,241 INFO spawned: 'swoole_00' with pid 94
2025-08-11 11:17:12,243 INFO success: swoole_00 entered RUNNING state, process has stayed up for > than 1 seconds (startsecs)
2025-08-11 11:17:12,639 WARN exited: queue_00 (exit status 1; not expected)
2025-08-11 11:17:13,646 INFO spawned: 'queue_00' with pid 103
2025-08-11 11:17:14,654 INFO success: queue_00 entered RUNNING state, process has stayed up for > than 1 seconds (startsecs)
2025-08-11 11:17:15,551 WARN exited: swoole_00 (exit status 1; not expected)
2025-08-11 11:17:16,555 INFO spawned: 'swoole_00' with pid 106
2025-08-11 11:17:17,557 INFO success: swoole_00 entered RUNNING state, process has stayed up for > than 1 seconds (startsecs)
2025-08-11 11:17:17,888 WARN exited: queue_00 (exit status 1; not expected)
2025-08-11 11:17:18,893 INFO spawned: 'queue_00' with pid 109
2025-08-11 11:17:19,895 INFO success: queue_00 entered RUNNING state, process has stayed up for > than 1 seconds (startsecs)
2025-08-11 11:17:20,754 WARN exited: swoole_00 (exit status 1; not expected)
2025-08-11 11:17:21,758 INFO spawned: 'swoole_00' with pid 112
2025-08-11 11:17:22,760 INFO success: swoole_00 entered RUNNING state, process has stayed up for > than 1 seconds (startsecs)
2025-08-11 11:17:23,146 WARN exited: queue_00 (exit status 1; not expected)
2025-08-11 11:17:24,150 INFO spawned: 'queue_00' with pid 121
2025-08-11 11:17:25,154 INFO success: queue_00 entered RUNNING state, process has stayed up for > than 1 seconds (startsecs)
2025-08-11 11:17:27,048 WARN exited: swoole_00 (exit status 1; not expected)
2025-08-11 11:17:28,055 INFO spawned: 'swoole_00' with pid 124
2025-08-11 11:17:29,059 INFO success: swoole_00 entered RUNNING state, process has stayed up for > than 1 seconds (startsecs)
2025-08-11 11:17:34,076 WARN received SIGTERM indicating exit request
2025-08-11 11:17:34,081 INFO waiting for queue_00, swoole_00 to die
2025-08-11 11:17:34,097 WARN stopped: swoole_00 (terminated by SIGTERM)
2025-08-11 11:17:34,117 WARN stopped: queue_00 (terminated by SIGTERM)
2025-08-11 11:20:49,841 INFO Set uid to user 0 succeeded
2025-08-11 11:20:49,853 INFO supervisord started with pid 1
2025-08-11 11:20:50,864 INFO spawned: 'queue_00' with pid 7
2025-08-11 11:20:50,878 INFO spawned: 'swoole_00' with pid 8
2025-08-11 11:20:51,885 INFO success: queue_00 entered RUNNING state, process has stayed up for > than 1 seconds (startsecs)
2025-08-11 11:20:51,886 INFO success: swoole_00 entered RUNNING state, process has stayed up for > than 1 seconds (startsecs)
2025-08-11 11:20:54,113 WARN exited: queue_00 (exit status 1; not expected)
2025-08-11 11:20:54,113 WARN exited: swoole_00 (exit status 1; not expected)
2025-08-11 11:20:55,118 INFO spawned: 'queue_00' with pid 20
2025-08-11 11:20:55,121 INFO spawned: 'swoole_00' with pid 21
2025-08-11 11:20:56,124 INFO success: queue_00 entered RUNNING state, process has stayed up for > than 1 seconds (startsecs)
2025-08-11 11:20:56,124 INFO success: swoole_00 entered RUNNING state, process has stayed up for > than 1 seconds (startsecs)
2025-08-11 11:20:57,687 WARN exited: queue_00 (exit status 1; not expected)
2025-08-11 11:20:57,706 INFO spawned: 'queue_00' with pid 26
2025-08-11 11:20:57,708 WARN exited: swoole_00 (exit status 1; not expected)
2025-08-11 11:20:58,712 INFO success: queue_00 entered RUNNING state, process has stayed up for > than 1 seconds (startsecs)
2025-08-11 11:20:58,715 INFO spawned: 'swoole_00' with pid 27
2025-08-11 11:20:59,717 INFO success: swoole_00 entered RUNNING state, process has stayed up for > than 1 seconds (startsecs)
2025-08-11 11:21:00,720 WARN received SIGTERM indicating exit request
2025-08-11 11:21:00,736 INFO waiting for queue_00, swoole_00 to die
2025-08-11 11:21:00,742 WARN stopped: swoole_00 (terminated by SIGTERM)
2025-08-11 11:21:00,750 WARN stopped: queue_00 (terminated by SIGTERM)
2025-08-11 11:24:43,116 INFO Set uid to user 0 succeeded
2025-08-11 11:24:43,130 INFO supervisord started with pid 1
2025-08-11 11:24:44,141 INFO spawned: 'queue_00' with pid 8
2025-08-11 11:24:44,166 INFO spawned: 'swoole_00' with pid 9
2025-08-11 11:24:45,174 INFO success: queue_00 entered RUNNING state, process has stayed up for > than 1 seconds (startsecs)
2025-08-11 11:24:45,175 INFO success: swoole_00 entered RUNNING state, process has stayed up for > than 1 seconds (startsecs)
2025-08-11 11:24:46,989 WARN exited: queue_00 (exit status 1; not expected)
2025-08-11 11:24:47,000 INFO spawned: 'queue_00' with pid 14
2025-08-11 11:24:47,008 WARN exited: swoole_00 (exit status 1; not expected)
2025-08-11 11:24:48,011 INFO success: queue_00 entered RUNNING state, process has stayed up for > than 1 seconds (startsecs)
2025-08-11 11:24:48,014 INFO spawned: 'swoole_00' with pid 21
2025-08-11 11:24:49,016 INFO success: swoole_00 entered RUNNING state, process has stayed up for > than 1 seconds (startsecs)
2025-08-11 11:24:50,976 WARN exited: queue_00 (exit status 1; not expected)
2025-08-11 11:24:51,980 INFO spawned: 'queue_00' with pid 26
2025-08-11 11:24:52,121 WARN exited: swoole_00 (exit status 1; not expected)
2025-08-11 11:24:53,124 INFO success: queue_00 entered RUNNING state, process has stayed up for > than 1 seconds (startsecs)
2025-08-11 11:24:53,128 INFO spawned: 'swoole_00' with pid 33
2025-08-11 11:24:54,131 INFO success: swoole_00 entered RUNNING state, process has stayed up for > than 1 seconds (startsecs)
2025-08-11 11:24:57,841 WARN exited: queue_00 (exit status 1; not expected)
2025-08-11 11:24:58,526 INFO spawned: 'queue_00' with pid 44
2025-08-11 11:24:58,571 WARN exited: swoole_00 (exit status 1; not expected)
2025-08-11 11:24:59,574 INFO success: queue_00 entered RUNNING state, process has stayed up for > than 1 seconds (startsecs)
2025-08-11 11:24:59,577 INFO spawned: 'swoole_00' with pid 45
2025-08-11 11:24:59,578 WARN received SIGTERM indicating exit request
2025-08-11 11:24:59,578 INFO waiting for queue_00, swoole_00 to die
2025-08-11 11:25:02,012 WARN exited: queue_00 (exit status 1; not expected)
2025-08-11 11:25:02,754 INFO waiting for swoole_00 to die
2025-08-11 11:25:02,779 WARN stopped: swoole_00 (exit status 1)
2025-08-11 11:32:33,774 INFO Set uid to user 0 succeeded
2025-08-11 11:32:33,792 INFO supervisord started with pid 1
2025-08-11 11:32:34,795 INFO spawned: 'queue_00' with pid 7
2025-08-11 11:32:34,799 INFO spawned: 'swoole_00' with pid 8
2025-08-11 11:32:35,801 INFO success: queue_00 entered RUNNING state, process has stayed up for > than 1 seconds (startsecs)
2025-08-11 11:32:35,802 INFO success: swoole_00 entered RUNNING state, process has stayed up for > than 1 seconds (startsecs)
2025-08-11 11:32:37,265 WARN exited: swoole_00 (exit status 1; not expected)
2025-08-11 11:32:37,269 INFO spawned: 'swoole_00' with pid 13
2025-08-11 11:32:37,269 WARN exited: queue_00 (exit status 1; not expected)
2025-08-11 11:32:38,273 INFO spawned: 'queue_00' with pid 20
2025-08-11 11:32:38,274 INFO success: swoole_00 entered RUNNING state, process has stayed up for > than 1 seconds (startsecs)
2025-08-11 11:32:39,276 INFO success: queue_00 entered RUNNING state, process has stayed up for > than 1 seconds (startsecs)
2025-08-11 11:32:41,143 WARN exited: swoole_00 (exit status 1; not expected)
2025-08-11 11:32:41,884 INFO spawned: 'swoole_00' with pid 25
2025-08-11 11:32:41,923 WARN exited: queue_00 (exit status 1; not expected)
2025-08-11 11:32:42,927 INFO spawned: 'queue_00' with pid 26
2025-08-11 11:32:42,928 INFO success: swoole_00 entered RUNNING state, process has stayed up for > than 1 seconds (startsecs)
2025-08-11 11:32:42,929 WARN received SIGTERM indicating exit request
2025-08-11 11:32:42,930 INFO waiting for queue_00, swoole_00 to die
2025-08-11 11:32:42,934 WARN stopped: swoole_00 (terminated by SIGTERM)
2025-08-11 11:32:42,936 WARN stopped: queue_00 (terminated by SIGTERM)
2025-08-11 11:38:19,372 INFO Set uid to user 0 succeeded
2025-08-11 11:38:19,384 INFO supervisord started with pid 1
2025-08-11 11:38:20,387 INFO spawned: 'queue_00' with pid 7
2025-08-11 11:38:20,390 INFO spawned: 'swoole_00' with pid 8
2025-08-11 11:38:20,861 WARN exited: queue_00 (exit status 1; not expected)
2025-08-11 11:38:20,862 WARN exited: swoole_00 (exit status 1; not expected)
2025-08-11 11:38:21,867 INFO spawned: 'queue_00' with pid 13
2025-08-11 11:38:21,869 INFO spawned: 'swoole_00' with pid 14
2025-08-11 11:38:22,121 WARN exited: queue_00 (exit status 1; not expected)
2025-08-11 11:38:22,128 WARN exited: swoole_00 (exit status 1; not expected)
2025-08-11 11:38:24,133 INFO spawned: 'queue_00' with pid 25
2025-08-11 11:38:24,137 INFO spawned: 'swoole_00' with pid 26
2025-08-11 11:38:24,463 WARN exited: queue_00 (exit status 1; not expected)
2025-08-11 11:38:24,466 WARN exited: swoole_00 (exit status 1; not expected)
2025-08-11 11:38:27,471 INFO spawned: 'queue_00' with pid 31
2025-08-11 11:38:27,473 INFO spawned: 'swoole_00' with pid 32
2025-08-11 11:38:27,477 WARN received SIGTERM indicating exit request
2025-08-11 11:38:27,478 INFO waiting for queue_00, swoole_00 to die
2025-08-11 11:38:27,479 WARN stopped: swoole_00 (terminated by SIGTERM)
2025-08-11 11:38:27,481 WARN stopped: queue_00 (terminated by SIGTERM)
